{"D:\\Documents\\project-encourage\\project-encourage\\embedder.js": {"path":"D:\\Documents\\project-encourage\\project-encourage\\embedder.js","statementMap":{"0":{"start":{"line":1,"column":32},"end":{"line":1,"column":53}},"1":{"start":{"line":2,"column":0},"end":{"line":128,"column":1}},"2":{"start":{"line":4,"column":14},"end":{"line":6,"column":69}},"3":{"start":{"line":8,"column":2},"end":{"line":17,"column":3}},"4":{"start":{"line":8,"column":16},"end":{"line":17,"column":3}},"5":{"start":{"line":19,"column":2},"end":{"line":54,"column":3}},"6":{"start":{"line":56,"column":2},"end":{"line":59,"column":4}},"7":{"start":{"line":56,"column":15},"end":{"line":59,"column":4}},"8":{"start":{"line":60,"column":2},"end":{"line":64,"column":3}},"9":{"start":{"line":65,"column":2},"end":{"line":65,"column":15}},"10":{"start":{"line":68,"column":2},"end":{"line":83,"column":4}},"11":{"start":{"line":86,"column":22},"end":{"line":103,"column":13}},"12":{"start":{"line":104,"column":8},"end":{"line":104,"column":21}},"13":{"start":{"line":108,"column":2},"end":{"line":110,"column":108}},"14":{"start":{"line":113,"column":2},"end":{"line":126,"column":51}}},"fnMap":{"0":{"name":"(anonymous_0)","decl":{"start":{"line":3,"column":1},"end":{"line":3,"column":2}},"loc":{"start":{"line":3,"column":22},"end":{"line":66,"column":2}},"line":3},"1":{"name":"(anonymous_1)","decl":{"start":{"line":67,"column":1},"end":{"line":67,"column":2}},"loc":{"start":{"line":67,"column":9},"end":{"line":84,"column":2}},"line":67},"2":{"name":"(anonymous_2)","decl":{"start":{"line":85,"column":1},"end":{"line":85,"column":2}},"loc":{"start":{"line":85,"column":9},"end":{"line":105,"column":5}},"line":85},"3":{"name":"(anonymous_3)","decl":{"start":{"line":106,"column":1},"end":{"line":106,"column":2}},"loc":{"start":{"line":106,"column":12},"end":{"line":111,"column":2}},"line":106},"4":{"name":"(anonymous_4)","decl":{"start":{"line":112,"column":1},"end":{"line":112,"column":2}},"loc":{"start":{"line":112,"column":8},"end":{"line":127,"column":2}},"line":112}},"branchMap":{"0":{"loc":{"start":{"line":3,"column":6},"end":{"line":3,"column":20}},"type":"default-arg","locations":[{"start":{"line":3,"column":16},"end":{"line":3,"column":20}}],"line":3},"1":{"loc":{"start":{"line":8,"column":2},"end":{"line":17,"column":3}},"type":"if","locations":[{"start":{"line":8,"column":2},"end":{"line":17,"column":3}},{"start":{},"end":{}}],"line":8},"2":{"loc":{"start":{"line":56,"column":2},"end":{"line":59,"column":4}},"type":"if","locations":[{"start":{"line":56,"column":2},"end":{"line":59,"column":4}},{"start":{},"end":{}}],"line":56}},"s":{"0":1,"1":1,"2":0,"3":0,"4":0,"5":0,"6":0,"7":0,"8":0,"9":0,"10":0,"11":0,"12":0,"13":0,"14":0},"f":{"0":0,"1":0,"2":0,"3":0,"4":0},"b":{"0":[0],"1":[0,0],"2":[0,0]},"_coverageSchema":"1a1c01bbd47fc00a2c39e90264f33305004495a9","hash":"dfa49ae90fb7bd820494c15b6179bfa70e153f0e"}
,"D:\\Documents\\project-encourage\\project-encourage\\commands\\global\\leaderboard.js": {"path":"D:\\Documents\\project-encourage\\project-encourage\\commands\\global\\leaderboard.js","statementMap":{"0":{"start":{"line":1,"column":76},"end":{"line":1,"column":97}},"1":{"start":{"line":2,"column":20},"end":{"line":2,"column":51}},"2":{"start":{"line":3,"column":20},"end":{"line":3,"column":50}},"3":{"start":{"line":4,"column":15},"end":{"line":4,"column":40}},"4":{"start":{"line":5,"column":15},"end":{"line":5,"column":40}},"5":{"start":{"line":7,"column":0},"end":{"line":54,"column":1}},"6":{"start":{"line":26,"column":2},"end":{"line":52,"column":3}},"7":{"start":{"line":27,"column":17},"end":{"line":27,"column":52}},"8":{"start":{"line":29,"column":3},"end":{"line":42,"column":4}},"9":{"start":{"line":30,"column":17},"end":{"line":30,"column":61}},"10":{"start":{"line":31,"column":4},"end":{"line":34,"column":5}},"11":{"start":{"line":32,"column":5},"end":{"line":32,"column":72}},"12":{"start":{"line":33,"column":5},"end":{"line":33,"column":12}},"13":{"start":{"line":35,"column":20},"end":{"line":35,"column":45}},"14":{"start":{"line":36,"column":4},"end":{"line":41,"column":5}},"15":{"start":{"line":37,"column":5},"end":{"line":37,"column":185}},"16":{"start":{"line":40,"column":5},"end":{"line":40,"column":12}},"17":{"start":{"line":44,"column":3},"end":{"line":44,"column":28}},"18":{"start":{"line":45,"column":21},"end":{"line":45,"column":69}},"19":{"start":{"line":46,"column":14},"end":{"line":46,"column":72}},"20":{"start":{"line":47,"column":3},"end":{"line":47,"column":20}},"21":{"start":{"line":48,"column":3},"end":{"line":48,"column":44}}},"fnMap":{"0":{"name":"(anonymous_0)","decl":{"start":{"line":25,"column":1},"end":{"line":25,"column":2}},"loc":{"start":{"line":25,"column":28},"end":{"line":53,"column":2}},"line":25}},"branchMap":{"0":{"loc":{"start":{"line":29,"column":3},"end":{"line":42,"column":4}},"type":"if","locations":[{"start":{"line":29,"column":3},"end":{"line":42,"column":4}},{"start":{},"end":{}}],"line":29},"1":{"loc":{"start":{"line":31,"column":4},"end":{"line":34,"column":5}},"type":"if","locations":[{"start":{"line":31,"column":4},"end":{"line":34,"column":5}},{"start":{},"end":{}}],"line":31},"2":{"loc":{"start":{"line":36,"column":4},"end":{"line":41,"column":5}},"type":"if","locations":[{"start":{"line":36,"column":4},"end":{"line":41,"column":5}},{"start":{},"end":{}}],"line":36}},"s":{"0":1,"1":1,"2":1,"3":1,"4":1,"5":1,"6":4,"7":4,"8":4,"9":3,"10":3,"11":1,"12":1,"13":2,"14":2,"15":1,"16":1,"17":2,"18":2,"19":2,"20":2,"21":2},"f":{"0":4},"b":{"0":[3,1],"1":[1,2],"2":[1,1]},"_coverageSchema":"1a1c01bbd47fc00a2c39e90264f33305004495a9","hash":"d5541fb8a7fab714bf68009f67f7662da5082c6f"}
,"D:\\Documents\\project-encourage\\project-encourage\\events\\Events.js": {"path":"D:\\Documents\\project-encourage\\project-encourage\\events\\Events.js","statementMap":{"0":{"start":{"line":1,"column":15},"end":{"line":4,"column":2}},"1":{"start":{"line":6,"column":0},"end":{"line":6,"column":24}}},"fnMap":{},"branchMap":{},"s":{"0":3,"1":3},"f":{},"b":{},"_coverageSchema":"1a1c01bbd47fc00a2c39e90264f33305004495a9","hash":"620884597727849339daa01c0501cdf6ec56b925"}
,"D:\\Documents\\project-encourage\\project-encourage\\handlers\\banHandler.js": {"path":"D:\\Documents\\project-encourage\\project-encourage\\handlers\\banHandler.js","statementMap":{"0":{"start":{"line":1,"column":84},"end":{"line":1,"column":105}},"1":{"start":{"line":2,"column":17},"end":{"line":2,"column":44}},"2":{"start":{"line":3,"column":16},"end":{"line":3,"column":34}},"3":{"start":{"line":4,"column":13},"end":{"line":4,"column":36}},"4":{"start":{"line":5,"column":16},"end":{"line":5,"column":43}},"5":{"start":{"line":6,"column":15},"end":{"line":6,"column":40}},"6":{"start":{"line":7,"column":15},"end":{"line":7,"column":40}},"7":{"start":{"line":8,"column":14},"end":{"line":8,"column":38}},"8":{"start":{"line":9,"column":13},"end":{"line":9,"column":36}},"9":{"start":{"line":10,"column":17},"end":{"line":10,"column":44}},"10":{"start":{"line":11,"column":17},"end":{"line":11,"column":36}},"11":{"start":{"line":15,"column":8},"end":{"line":29,"column":10}},"12":{"start":{"line":32,"column":8},"end":{"line":39,"column":10}},"13":{"start":{"line":41,"column":8},"end":{"line":48,"column":9}},"14":{"start":{"line":52,"column":8},"end":{"line":52,"column":34}},"15":{"start":{"line":56,"column":8},"end":{"line":56,"column":40}},"16":{"start":{"line":60,"column":8},"end":{"line":60,"column":38}},"17":{"start":{"line":64,"column":23},"end":{"line":64,"column":39}},"18":{"start":{"line":66,"column":8},"end":{"line":66,"column":31}},"19":{"start":{"line":67,"column":8},"end":{"line":85,"column":9}},"20":{"start":{"line":68,"column":24},"end":{"line":68,"column":40}},"21":{"start":{"line":70,"column":12},"end":{"line":79,"column":15}},"22":{"start":{"line":74,"column":16},"end":{"line":78,"column":17}},"23":{"start":{"line":75,"column":20},"end":{"line":75,"column":101}},"24":{"start":{"line":77,"column":20},"end":{"line":77,"column":66}},"25":{"start":{"line":81,"column":12},"end":{"line":81,"column":63}},"26":{"start":{"line":82,"column":12},"end":{"line":82,"column":102}},"27":{"start":{"line":83,"column":12},"end":{"line":83,"column":52}},"28":{"start":{"line":84,"column":12},"end":{"line":84,"column":46}},"29":{"start":{"line":94,"column":23},"end":{"line":94,"column":30}},"30":{"start":{"line":95,"column":8},"end":{"line":95,"column":31}},"31":{"start":{"line":96,"column":8},"end":{"line":112,"column":9}},"32":{"start":{"line":97,"column":24},"end":{"line":97,"column":40}},"33":{"start":{"line":99,"column":12},"end":{"line":108,"column":15}},"34":{"start":{"line":103,"column":16},"end":{"line":107,"column":17}},"35":{"start":{"line":104,"column":20},"end":{"line":104,"column":101}},"36":{"start":{"line":106,"column":20},"end":{"line":106,"column":66}},"37":{"start":{"line":110,"column":12},"end":{"line":110,"column":102}},"38":{"start":{"line":111,"column":12},"end":{"line":111,"column":71}},"39":{"start":{"line":116,"column":8},"end":{"line":116,"column":31}},"40":{"start":{"line":117,"column":8},"end":{"line":134,"column":9}},"41":{"start":{"line":118,"column":27},"end":{"line":118,"column":60}},"42":{"start":{"line":119,"column":27},"end":{"line":119,"column":41}},"43":{"start":{"line":121,"column":12},"end":{"line":129,"column":15}},"44":{"start":{"line":124,"column":16},"end":{"line":128,"column":17}},"45":{"start":{"line":125,"column":20},"end":{"line":125,"column":101}},"46":{"start":{"line":127,"column":20},"end":{"line":127,"column":66}},"47":{"start":{"line":131,"column":12},"end":{"line":131,"column":102}},"48":{"start":{"line":132,"column":12},"end":{"line":132,"column":52}},"49":{"start":{"line":133,"column":12},"end":{"line":133,"column":46}},"50":{"start":{"line":138,"column":8},"end":{"line":138,"column":74}},"51":{"start":{"line":138,"column":19},"end":{"line":138,"column":74}},"52":{"start":{"line":140,"column":8},"end":{"line":140,"column":53}},"53":{"start":{"line":141,"column":8},"end":{"line":141,"column":49}},"54":{"start":{"line":141,"column":36},"end":{"line":141,"column":49}},"55":{"start":{"line":142,"column":23},"end":{"line":142,"column":36}},"56":{"start":{"line":143,"column":24},"end":{"line":143,"column":61}},"57":{"start":{"line":144,"column":24},"end":{"line":144,"column":63}},"58":{"start":{"line":145,"column":26},"end":{"line":157,"column":13}},"59":{"start":{"line":158,"column":8},"end":{"line":158,"column":56}},"60":{"start":{"line":159,"column":8},"end":{"line":159,"column":20}},"61":{"start":{"line":163,"column":8},"end":{"line":165,"column":9}},"62":{"start":{"line":164,"column":12},"end":{"line":164,"column":22}},"63":{"start":{"line":166,"column":8},"end":{"line":166,"column":44}},"64":{"start":{"line":172,"column":8},"end":{"line":172,"column":51}},"65":{"start":{"line":179,"column":8},"end":{"line":179,"column":51}},"66":{"start":{"line":183,"column":8},"end":{"line":213,"column":9}},"67":{"start":{"line":184,"column":29},"end":{"line":184,"column":45}},"68":{"start":{"line":185,"column":12},"end":{"line":185,"column":34}},"69":{"start":{"line":187,"column":12},"end":{"line":191,"column":13}},"70":{"start":{"line":188,"column":16},"end":{"line":188,"column":83}},"71":{"start":{"line":189,"column":16},"end":{"line":189,"column":78}},"72":{"start":{"line":189,"column":28},"end":{"line":189,"column":78}},"73":{"start":{"line":190,"column":16},"end":{"line":190,"column":29}},"74":{"start":{"line":192,"column":12},"end":{"line":192,"column":95}},"75":{"start":{"line":192,"column":24},"end":{"line":192,"column":95}},"76":{"start":{"line":193,"column":12},"end":{"line":193,"column":34}},"77":{"start":{"line":194,"column":12},"end":{"line":194,"column":40}},"78":{"start":{"line":195,"column":12},"end":{"line":195,"column":34}},"79":{"start":{"line":197,"column":28},"end":{"line":197,"column":32}},"80":{"start":{"line":198,"column":12},"end":{"line":202,"column":13}},"81":{"start":{"line":199,"column":16},"end":{"line":199,"column":71}},"82":{"start":{"line":201,"column":16},"end":{"line":201,"column":72}},"83":{"start":{"line":203,"column":12},"end":{"line":205,"column":13}},"84":{"start":{"line":204,"column":16},"end":{"line":204,"column":184}},"85":{"start":{"line":204,"column":28},"end":{"line":204,"column":184}},"86":{"start":{"line":207,"column":12},"end":{"line":207,"column":101}},"87":{"start":{"line":207,"column":23},"end":{"line":207,"column":101}},"88":{"start":{"line":209,"column":12},"end":{"line":209,"column":24}},"89":{"start":{"line":211,"column":12},"end":{"line":211,"column":51}},"90":{"start":{"line":212,"column":12},"end":{"line":212,"column":25}},"91":{"start":{"line":224,"column":8},"end":{"line":251,"column":9}},"92":{"start":{"line":225,"column":25},"end":{"line":225,"column":39}},"93":{"start":{"line":226,"column":12},"end":{"line":226,"column":32}},"94":{"start":{"line":228,"column":12},"end":{"line":231,"column":13}},"95":{"start":{"line":229,"column":16},"end":{"line":229,"column":106}},"96":{"start":{"line":229,"column":29},"end":{"line":229,"column":106}},"97":{"start":{"line":230,"column":16},"end":{"line":230,"column":29}},"98":{"start":{"line":233,"column":12},"end":{"line":233,"column":84}},"99":{"start":{"line":233,"column":24},"end":{"line":233,"column":84}},"100":{"start":{"line":235,"column":12},"end":{"line":235,"column":32}},"101":{"start":{"line":236,"column":12},"end":{"line":236,"column":38}},"102":{"start":{"line":240,"column":30},"end":{"line":240,"column":72}},"103":{"start":{"line":241,"column":12},"end":{"line":243,"column":13}},"104":{"start":{"line":242,"column":16},"end":{"line":242,"column":224}},"105":{"start":{"line":242,"column":29},"end":{"line":242,"column":224}},"106":{"start":{"line":245,"column":12},"end":{"line":245,"column":60}},"107":{"start":{"line":247,"column":12},"end":{"line":247,"column":24}},"108":{"start":{"line":249,"column":12},"end":{"line":249,"column":73}},"109":{"start":{"line":250,"column":12},"end":{"line":250,"column":25}},"110":{"start":{"line":263,"column":8},"end":{"line":263,"column":41}},"111":{"start":{"line":264,"column":8},"end":{"line":312,"column":9}},"112":{"start":{"line":265,"column":23},"end":{"line":265,"column":35}},"113":{"start":{"line":266,"column":12},"end":{"line":266,"column":29}},"114":{"start":{"line":268,"column":12},"end":{"line":271,"column":13}},"115":{"start":{"line":269,"column":16},"end":{"line":269,"column":92}},"116":{"start":{"line":270,"column":16},"end":{"line":270,"column":29}},"117":{"start":{"line":273,"column":12},"end":{"line":273,"column":30}},"118":{"start":{"line":274,"column":12},"end":{"line":274,"column":36}},"119":{"start":{"line":275,"column":12},"end":{"line":275,"column":30}},"120":{"start":{"line":278,"column":23},"end":{"line":278,"column":37}},"121":{"start":{"line":281,"column":28},"end":{"line":281,"column":29}},"122":{"start":{"line":282,"column":26},"end":{"line":282,"column":27}},"123":{"start":{"line":285,"column":37},"end":{"line":290,"column":14}},"124":{"start":{"line":286,"column":16},"end":{"line":289,"column":20}},"125":{"start":{"line":287,"column":20},"end":{"line":287,"column":105}},"126":{"start":{"line":288,"column":20},"end":{"line":288,"column":32}},"127":{"start":{"line":292,"column":35},"end":{"line":297,"column":14}},"128":{"start":{"line":293,"column":16},"end":{"line":296,"column":20}},"129":{"start":{"line":294,"column":20},"end":{"line":294,"column":105}},"130":{"start":{"line":295,"column":20},"end":{"line":295,"column":30}},"131":{"start":{"line":300,"column":12},"end":{"line":300,"column":66}},"132":{"start":{"line":302,"column":12},"end":{"line":302,"column":169}},"133":{"start":{"line":303,"column":12},"end":{"line":303,"column":56}},"134":{"start":{"line":304,"column":12},"end":{"line":304,"column":82}},"135":{"start":{"line":306,"column":12},"end":{"line":306,"column":74}},"136":{"start":{"line":308,"column":12},"end":{"line":308,"column":24}},"137":{"start":{"line":310,"column":12},"end":{"line":310,"column":71}},"138":{"start":{"line":311,"column":12},"end":{"line":311,"column":25}},"139":{"start":{"line":318,"column":0},"end":{"line":318,"column":28}}},"fnMap":{"0":{"name":"(anonymous_0)","decl":{"start":{"line":14,"column":4},"end":{"line":14,"column":5}},"loc":{"start":{"line":14,"column":18},"end":{"line":49,"column":5}},"line":14},"1":{"name":"(anonymous_1)","decl":{"start":{"line":51,"column":4},"end":{"line":51,"column":5}},"loc":{"start":{"line":51,"column":20},"end":{"line":53,"column":5}},"line":51},"2":{"name":"(anonymous_2)","decl":{"start":{"line":55,"column":4},"end":{"line":55,"column":5}},"loc":{"start":{"line":55,"column":26},"end":{"line":57,"column":5}},"line":55},"3":{"name":"(anonymous_3)","decl":{"start":{"line":59,"column":4},"end":{"line":59,"column":5}},"loc":{"start":{"line":59,"column":24},"end":{"line":61,"column":5}},"line":59},"4":{"name":"(anonymous_4)","decl":{"start":{"line":63,"column":4},"end":{"line":63,"column":5}},"loc":{"start":{"line":63,"column":67},"end":{"line":86,"column":5}},"line":63},"5":{"name":"(anonymous_5)","decl":{"start":{"line":73,"column":21},"end":{"line":73,"column":22}},"loc":{"start":{"line":73,"column":38},"end":{"line":79,"column":13}},"line":73},"6":{"name":"(anonymous_6)","decl":{"start":{"line":93,"column":4},"end":{"line":93,"column":5}},"loc":{"start":{"line":93,"column":61},"end":{"line":113,"column":5}},"line":93},"7":{"name":"(anonymous_7)","decl":{"start":{"line":102,"column":21},"end":{"line":102,"column":22}},"loc":{"start":{"line":102,"column":38},"end":{"line":108,"column":13}},"line":102},"8":{"name":"(anonymous_8)","decl":{"start":{"line":115,"column":4},"end":{"line":115,"column":5}},"loc":{"start":{"line":115,"column":64},"end":{"line":135,"column":5}},"line":115},"9":{"name":"(anonymous_9)","decl":{"start":{"line":123,"column":21},"end":{"line":123,"column":22}},"loc":{"start":{"line":123,"column":38},"end":{"line":129,"column":13}},"line":123},"10":{"name":"(anonymous_10)","decl":{"start":{"line":137,"column":4},"end":{"line":137,"column":5}},"loc":{"start":{"line":137,"column":55},"end":{"line":160,"column":5}},"line":137},"11":{"name":"(anonymous_11)","decl":{"start":{"line":162,"column":4},"end":{"line":162,"column":5}},"loc":{"start":{"line":162,"column":29},"end":{"line":167,"column":5}},"line":162},"12":{"name":"(anonymous_12)","decl":{"start":{"line":171,"column":4},"end":{"line":171,"column":5}},"loc":{"start":{"line":171,"column":14},"end":{"line":173,"column":5}},"line":171},"13":{"name":"(anonymous_13)","decl":{"start":{"line":178,"column":4},"end":{"line":178,"column":5}},"loc":{"start":{"line":178,"column":15},"end":{"line":180,"column":5}},"line":178},"14":{"name":"(anonymous_14)","decl":{"start":{"line":182,"column":4},"end":{"line":182,"column":5}},"loc":{"start":{"line":182,"column":79},"end":{"line":214,"column":5}},"line":182},"15":{"name":"(anonymous_15)","decl":{"start":{"line":223,"column":4},"end":{"line":223,"column":5}},"loc":{"start":{"line":223,"column":93},"end":{"line":252,"column":5}},"line":223},"16":{"name":"(anonymous_16)","decl":{"start":{"line":261,"column":4},"end":{"line":261,"column":5}},"loc":{"start":{"line":261,"column":43},"end":{"line":313,"column":5}},"line":261},"17":{"name":"(anonymous_17)","decl":{"start":{"line":285,"column":119},"end":{"line":285,"column":120}},"loc":{"start":{"line":285,"column":135},"end":{"line":290,"column":13}},"line":285},"18":{"name":"(anonymous_18)","decl":{"start":{"line":286,"column":50},"end":{"line":286,"column":51}},"loc":{"start":{"line":286,"column":71},"end":{"line":289,"column":17}},"line":286},"19":{"name":"(anonymous_19)","decl":{"start":{"line":292,"column":112},"end":{"line":292,"column":113}},"loc":{"start":{"line":292,"column":126},"end":{"line":297,"column":13}},"line":292},"20":{"name":"(anonymous_20)","decl":{"start":{"line":293,"column":48},"end":{"line":293,"column":49}},"loc":{"start":{"line":293,"column":67},"end":{"line":296,"column":17}},"line":293}},"branchMap":{"0":{"loc":{"start":{"line":74,"column":16},"end":{"line":78,"column":17}},"type":"if","locations":[{"start":{"line":74,"column":16},"end":{"line":78,"column":17}},{"start":{"line":76,"column":23},"end":{"line":78,"column":17}}],"line":74},"1":{"loc":{"start":{"line":103,"column":16},"end":{"line":107,"column":17}},"type":"if","locations":[{"start":{"line":103,"column":16},"end":{"line":107,"column":17}},{"start":{"line":105,"column":23},"end":{"line":107,"column":17}}],"line":103},"2":{"loc":{"start":{"line":124,"column":16},"end":{"line":128,"column":17}},"type":"if","locations":[{"start":{"line":124,"column":16},"end":{"line":128,"column":17}},{"start":{"line":126,"column":23},"end":{"line":128,"column":17}}],"line":124},"3":{"loc":{"start":{"line":138,"column":8},"end":{"line":138,"column":74}},"type":"if","locations":[{"start":{"line":138,"column":8},"end":{"line":138,"column":74}},{"start":{},"end":{}}],"line":138},"4":{"loc":{"start":{"line":141,"column":8},"end":{"line":141,"column":49}},"type":"if","locations":[{"start":{"line":141,"column":8},"end":{"line":141,"column":49}},{"start":{},"end":{}}],"line":141},"5":{"loc":{"start":{"line":163,"column":8},"end":{"line":165,"column":9}},"type":"if","locations":[{"start":{"line":163,"column":8},"end":{"line":165,"column":9}},{"start":{},"end":{}}],"line":163},"6":{"loc":{"start":{"line":182,"column":47},"end":{"line":182,"column":60}},"type":"default-arg","locations":[{"start":{"line":182,"column":56},"end":{"line":182,"column":60}}],"line":182},"7":{"loc":{"start":{"line":182,"column":62},"end":{"line":182,"column":77}},"type":"default-arg","locations":[{"start":{"line":182,"column":72},"end":{"line":182,"column":77}}],"line":182},"8":{"loc":{"start":{"line":187,"column":12},"end":{"line":191,"column":13}},"type":"if","locations":[{"start":{"line":187,"column":12},"end":{"line":191,"column":13}},{"start":{},"end":{}}],"line":187},"9":{"loc":{"start":{"line":189,"column":16},"end":{"line":189,"column":78}},"type":"if","locations":[{"start":{"line":189,"column":16},"end":{"line":189,"column":78}},{"start":{},"end":{}}],"line":189},"10":{"loc":{"start":{"line":192,"column":12},"end":{"line":192,"column":95}},"type":"if","locations":[{"start":{"line":192,"column":12},"end":{"line":192,"column":95}},{"start":{},"end":{}}],"line":192},"11":{"loc":{"start":{"line":198,"column":12},"end":{"line":202,"column":13}},"type":"if","locations":[{"start":{"line":198,"column":12},"end":{"line":202,"column":13}},{"start":{"line":200,"column":19},"end":{"line":202,"column":13}}],"line":198},"12":{"loc":{"start":{"line":203,"column":12},"end":{"line":205,"column":13}},"type":"if","locations":[{"start":{"line":203,"column":12},"end":{"line":205,"column":13}},{"start":{},"end":{}}],"line":203},"13":{"loc":{"start":{"line":204,"column":16},"end":{"line":204,"column":184}},"type":"if","locations":[{"start":{"line":204,"column":16},"end":{"line":204,"column":184}},{"start":{},"end":{}}],"line":204},"14":{"loc":{"start":{"line":207,"column":12},"end":{"line":207,"column":101}},"type":"if","locations":[{"start":{"line":207,"column":12},"end":{"line":207,"column":101}},{"start":{},"end":{}}],"line":207},"15":{"loc":{"start":{"line":223,"column":45},"end":{"line":223,"column":58}},"type":"default-arg","locations":[{"start":{"line":223,"column":54},"end":{"line":223,"column":58}}],"line":223},"16":{"loc":{"start":{"line":223,"column":60},"end":{"line":223,"column":74}},"type":"default-arg","locations":[{"start":{"line":223,"column":69},"end":{"line":223,"column":74}}],"line":223},"17":{"loc":{"start":{"line":223,"column":76},"end":{"line":223,"column":91}},"type":"default-arg","locations":[{"start":{"line":223,"column":86},"end":{"line":223,"column":91}}],"line":223},"18":{"loc":{"start":{"line":228,"column":12},"end":{"line":231,"column":13}},"type":"if","locations":[{"start":{"line":228,"column":12},"end":{"line":231,"column":13}},{"start":{},"end":{}}],"line":228},"19":{"loc":{"start":{"line":229,"column":16},"end":{"line":229,"column":106}},"type":"if","locations":[{"start":{"line":229,"column":16},"end":{"line":229,"column":106}},{"start":{},"end":{}}],"line":229},"20":{"loc":{"start":{"line":233,"column":12},"end":{"line":233,"column":84}},"type":"if","locations":[{"start":{"line":233,"column":12},"end":{"line":233,"column":84}},{"start":{},"end":{}}],"line":233},"21":{"loc":{"start":{"line":241,"column":12},"end":{"line":243,"column":13}},"type":"if","locations":[{"start":{"line":241,"column":12},"end":{"line":243,"column":13}},{"start":{},"end":{}}],"line":241},"22":{"loc":{"start":{"line":242,"column":16},"end":{"line":242,"column":224}},"type":"if","locations":[{"start":{"line":242,"column":16},"end":{"line":242,"column":224}},{"start":{},"end":{}}],"line":242},"23":{"loc":{"start":{"line":268,"column":12},"end":{"line":271,"column":13}},"type":"if","locations":[{"start":{"line":268,"column":12},"end":{"line":271,"column":13}},{"start":{},"end":{}}],"line":268}},"s":{"0":1,"1":1,"2":1,"3":1,"4":1,"5":1,"6":1,"7":1,"8":1,"9":1,"10":1,"11":0,"12":0,"13":0,"14":0,"15":0,"16":0,"17":0,"18":0,"19":0,"20":0,"21":0,"22":0,"23":0,"24":0,"25":0,"26":0,"27":0,"28":0,"29":0,"30":0,"31":0,"32":0,"33":0,"34":0,"35":0,"36":0,"37":0,"38":0,"39":0,"40":0,"41":0,"42":0,"43":0,"44":0,"45":0,"46":0,"47":0,"48":0,"49":0,"50":0,"51":0,"52":0,"53":0,"54":0,"55":0,"56":0,"57":0,"58":0,"59":0,"60":0,"61":0,"62":0,"63":0,"64":0,"65":0,"66":0,"67":0,"68":0,"69":0,"70":0,"71":0,"72":0,"73":0,"74":0,"75":0,"76":0,"77":0,"78":0,"79":0,"80":0,"81":0,"82":0,"83":0,"84":0,"85":0,"86":0,"87":0,"88":0,"89":0,"90":0,"91":0,"92":0,"93":0,"94":0,"95":0,"96":0,"97":0,"98":0,"99":0,"100":0,"101":0,"102":0,"103":0,"104":0,"105":0,"106":0,"107":0,"108":0,"109":0,"110":0,"111":0,"112":0,"113":0,"114":0,"115":0,"116":0,"117":0,"118":0,"119":0,"120":0,"121":0,"122":0,"123":0,"124":0,"125":0,"126":0,"127":0,"128":0,"129":0,"130":0,"131":0,"132":0,"133":0,"134":0,"135":0,"136":0,"137":0,"138":0,"139":1},"f":{"0":0,"1":0,"2":0,"3":0,"4":0,"5":0,"6":0,"7":0,"8":0,"9":0,"10":0,"11":0,"12":0,"13":0,"14":0,"15":0,"16":0,"17":0,"18":0,"19":0,"20":0},"b":{"0":[0,0],"1":[0,0],"2":[0,0],"3":[0,0],"4":[0,0],"5":[0,0],"6":[0],"7":[0],"8":[0,0],"9":[0,0],"10":[0,0],"11":[0,0],"12":[0,0],"13":[0,0],"14":[0,0],"15":[0],"16":[0],"17":[0],"18":[0,0],"19":[0,0],"20":[0,0],"21":[0,0],"22":[0,0],"23":[0,0]},"_coverageSchema":"1a1c01bbd47fc00a2c39e90264f33305004495a9","hash":"81a7b99aa3acdead101d112c078f6b1dfeed3007"}
,"D:\\Documents\\project-encourage\\project-encourage\\handlers\\handler.js": {"path":"D:\\Documents\\project-encourage\\project-encourage\\handlers\\handler.js","statementMap":{"0":{"start":{"line":2,"column":62},"end":{"line":2,"column":92}},"1":{"start":{"line":3,"column":17},"end":{"line":3,"column":47}},"2":{"start":{"line":4,"column":123},"end":{"line":4,"column":144}},"3":{"start":{"line":5,"column":19},"end":{"line":5,"column":52}},"4":{"start":{"line":6,"column":15},"end":{"line":6,"column":43}},"5":{"start":{"line":7,"column":17},"end":{"line":7,"column":47}},"6":{"start":{"line":20,"column":10},"end":{"line":20,"column":15}},"7":{"start":{"line":23,"column":4},"end":{"line":23,"column":29}},"8":{"start":{"line":24,"column":4},"end":{"line":24,"column":21}},"9":{"start":{"line":25,"column":4},"end":{"line":25,"column":41}},"10":{"start":{"line":26,"column":4},"end":{"line":26,"column":39}},"11":{"start":{"line":31,"column":22},"end":{"line":31,"column":44}},"12":{"start":{"line":32,"column":4},"end":{"line":32,"column":27}},"13":{"start":{"line":36,"column":22},"end":{"line":36,"column":50}},"14":{"start":{"line":37,"column":4},"end":{"line":37,"column":29}},"15":{"start":{"line":38,"column":4},"end":{"line":38,"column":38}},"16":{"start":{"line":47,"column":19},"end":{"line":47,"column":40}},"17":{"start":{"line":48,"column":4},"end":{"line":48,"column":34}},"18":{"start":{"line":58,"column":23},"end":{"line":58,"column":39}},"19":{"start":{"line":61,"column":4},"end":{"line":70,"column":5}},"20":{"start":{"line":63,"column":8},"end":{"line":63,"column":54}},"21":{"start":{"line":64,"column":8},"end":{"line":64,"column":14}},"22":{"start":{"line":66,"column":8},"end":{"line":66,"column":52}},"23":{"start":{"line":67,"column":8},"end":{"line":67,"column":14}},"24":{"start":{"line":69,"column":8},"end":{"line":69,"column":48}},"25":{"start":{"line":72,"column":18},"end":{"line":72,"column":20}},"26":{"start":{"line":74,"column":4},"end":{"line":77,"column":24}},"27":{"start":{"line":79,"column":4},"end":{"line":84,"column":7}},"28":{"start":{"line":80,"column":21},"end":{"line":82,"column":42}},"29":{"start":{"line":83,"column":6},"end":{"line":83,"column":27}},"30":{"start":{"line":86,"column":17},"end":{"line":89,"column":26}},"31":{"start":{"line":90,"column":16},"end":{"line":90,"column":58}},"32":{"start":{"line":91,"column":18},"end":{"line":91,"column":126}},"33":{"start":{"line":92,"column":4},"end":{"line":92,"column":45}},"34":{"start":{"line":94,"column":22},"end":{"line":98,"column":6}},"35":{"start":{"line":96,"column":21},"end":{"line":96,"column":48}},"36":{"start":{"line":101,"column":4},"end":{"line":107,"column":6}},"37":{"start":{"line":102,"column":6},"end":{"line":102,"column":28}},"38":{"start":{"line":104,"column":27},"end":{"line":104,"column":49}},"39":{"start":{"line":105,"column":6},"end":{"line":105,"column":32}},"40":{"start":{"line":118,"column":4},"end":{"line":118,"column":52}},"41":{"start":{"line":119,"column":4},"end":{"line":119,"column":35}},"42":{"start":{"line":120,"column":17},"end":{"line":120,"column":22}},"43":{"start":{"line":122,"column":4},"end":{"line":134,"column":5}},"44":{"start":{"line":124,"column":8},"end":{"line":124,"column":77}},"45":{"start":{"line":125,"column":8},"end":{"line":125,"column":14}},"46":{"start":{"line":127,"column":8},"end":{"line":127,"column":77}},"47":{"start":{"line":128,"column":8},"end":{"line":128,"column":14}},"48":{"start":{"line":130,"column":8},"end":{"line":130,"column":75}},"49":{"start":{"line":131,"column":8},"end":{"line":131,"column":14}},"50":{"start":{"line":133,"column":8},"end":{"line":133,"column":73}},"51":{"start":{"line":136,"column":4},"end":{"line":139,"column":5}},"52":{"start":{"line":138,"column":6},"end":{"line":138,"column":77}},"53":{"start":{"line":144,"column":4},"end":{"line":156,"column":8}},"54":{"start":{"line":164,"column":4},"end":{"line":164,"column":72}},"55":{"start":{"line":164,"column":30},"end":{"line":164,"column":72}},"56":{"start":{"line":165,"column":4},"end":{"line":165,"column":26}},"57":{"start":{"line":166,"column":4},"end":{"line":166,"column":29}},"58":{"start":{"line":167,"column":20},"end":{"line":167,"column":39}},"59":{"start":{"line":168,"column":22},"end":{"line":168,"column":52}},"60":{"start":{"line":170,"column":4},"end":{"line":170,"column":52}},"61":{"start":{"line":171,"column":4},"end":{"line":171,"column":86}},"62":{"start":{"line":176,"column":4},"end":{"line":185,"column":31}},"63":{"start":{"line":191,"column":0},"end":{"line":191,"column":24}}},"fnMap":{"0":{"name":"(anonymous_0)","decl":{"start":{"line":22,"column":2},"end":{"line":22,"column":3}},"loc":{"start":{"line":22,"column":20},"end":{"line":28,"column":3}},"line":22},"1":{"name":"(anonymous_1)","decl":{"start":{"line":30,"column":2},"end":{"line":30,"column":3}},"loc":{"start":{"line":30,"column":26},"end":{"line":33,"column":3}},"line":30},"2":{"name":"(anonymous_2)","decl":{"start":{"line":35,"column":2},"end":{"line":35,"column":3}},"loc":{"start":{"line":35,"column":35},"end":{"line":39,"column":3}},"line":35},"3":{"name":"(anonymous_3)","decl":{"start":{"line":46,"column":2},"end":{"line":46,"column":3}},"loc":{"start":{"line":46,"column":31},"end":{"line":49,"column":3}},"line":46},"4":{"name":"(anonymous_4)","decl":{"start":{"line":57,"column":2},"end":{"line":57,"column":3}},"loc":{"start":{"line":57,"column":38},"end":{"line":109,"column":3}},"line":57},"5":{"name":"(anonymous_5)","decl":{"start":{"line":79,"column":23},"end":{"line":79,"column":24}},"loc":{"start":{"line":79,"column":35},"end":{"line":84,"column":5}},"line":79},"6":{"name":"(anonymous_6)","decl":{"start":{"line":96,"column":14},"end":{"line":96,"column":15}},"loc":{"start":{"line":96,"column":21},"end":{"line":96,"column":48}},"line":96},"7":{"name":"(anonymous_7)","decl":{"start":{"line":101,"column":28},"end":{"line":101,"column":29}},"loc":{"start":{"line":101,"column":35},"end":{"line":107,"column":5}},"line":101},"8":{"name":"(anonymous_8)","decl":{"start":{"line":117,"column":2},"end":{"line":117,"column":3}},"loc":{"start":{"line":117,"column":39},"end":{"line":140,"column":1}},"line":117},"9":{"name":"(anonymous_9)","decl":{"start":{"line":143,"column":2},"end":{"line":143,"column":3}},"loc":{"start":{"line":143,"column":28},"end":{"line":157,"column":3}},"line":143},"10":{"name":"(anonymous_10)","decl":{"start":{"line":163,"column":2},"end":{"line":163,"column":3}},"loc":{"start":{"line":163,"column":39},"end":{"line":172,"column":3}},"line":163},"11":{"name":"(anonymous_11)","decl":{"start":{"line":174,"column":2},"end":{"line":174,"column":3}},"loc":{"start":{"line":174,"column":21},"end":{"line":186,"column":3}},"line":174}},"branchMap":{"0":{"loc":{"start":{"line":32,"column":11},"end":{"line":32,"column":26}},"type":"binary-expr","locations":[{"start":{"line":32,"column":11},"end":{"line":32,"column":20}},{"start":{"line":32,"column":24},"end":{"line":32,"column":26}}],"line":32},"1":{"loc":{"start":{"line":61,"column":4},"end":{"line":70,"column":5}},"type":"switch","locations":[{"start":{"line":62,"column":6},"end":{"line":64,"column":14}},{"start":{"line":65,"column":6},"end":{"line":67,"column":14}},{"start":{"line":68,"column":6},"end":{"line":69,"column":48}}],"line":61},"2":{"loc":{"start":{"line":122,"column":4},"end":{"line":134,"column":5}},"type":"switch","locations":[{"start":{"line":123,"column":6},"end":{"line":125,"column":14}},{"start":{"line":126,"column":6},"end":{"line":128,"column":14}},{"start":{"line":129,"column":6},"end":{"line":131,"column":14}},{"start":{"line":132,"column":6},"end":{"line":133,"column":73}}],"line":122},"3":{"loc":{"start":{"line":136,"column":4},"end":{"line":139,"column":5}},"type":"if","locations":[{"start":{"line":136,"column":4},"end":{"line":139,"column":5}},{"start":{},"end":{}}],"line":136},"4":{"loc":{"start":{"line":164,"column":4},"end":{"line":164,"column":72}},"type":"if","locations":[{"start":{"line":164,"column":4},"end":{"line":164,"column":72}},{"start":{},"end":{}}],"line":164},"5":{"loc":{"start":{"line":177,"column":16},"end":{"line":177,"column":65}},"type":"cond-expr","locations":[{"start":{"line":177,"column":49},"end":{"line":177,"column":56}},{"start":{"line":177,"column":59},"end":{"line":177,"column":65}}],"line":177},"6":{"loc":{"start":{"line":179,"column":34},"end":{"line":179,"column":57}},"type":"binary-expr","locations":[{"start":{"line":179,"column":34},"end":{"line":179,"column":51}},{"start":{"line":179,"column":55},"end":{"line":179,"column":57}}],"line":179},"7":{"loc":{"start":{"line":180,"column":33},"end":{"line":180,"column":55}},"type":"binary-expr","locations":[{"start":{"line":180,"column":33},"end":{"line":180,"column":49}},{"start":{"line":180,"column":53},"end":{"line":180,"column":55}}],"line":180},"8":{"loc":{"start":{"line":182,"column":38},"end":{"line":182,"column":58}},"type":"binary-expr","locations":[{"start":{"line":182,"column":38},"end":{"line":182,"column":52}},{"start":{"line":182,"column":56},"end":{"line":182,"column":58}}],"line":182}},"s":{"0":1,"1":1,"2":1,"3":1,"4":1,"5":1,"6":0,"7":0,"8":0,"9":0,"10":0,"11":0,"12":0,"13":0,"14":0,"15":0,"16":0,"17":0,"18":0,"19":0,"20":0,"21":0,"22":0,"23":0,"24":0,"25":0,"26":0,"27":0,"28":0,"29":0,"30":0,"31":0,"32":0,"33":0,"34":0,"35":0,"36":0,"37":0,"38":0,"39":0,"40":0,"41":0,"42":0,"43":0,"44":0,"45":0,"46":0,"47":0,"48":0,"49":0,"50":0,"51":0,"52":0,"53":0,"54":0,"55":0,"56":0,"57":0,"58":0,"59":0,"60":0,"61":0,"62":0,"63":1},"f":{"0":0,"1":0,"2":0,"3":0,"4":0,"5":0,"6":0,"7":0,"8":0,"9":0,"10":0,"11":0},"b":{"0":[0,0],"1":[0,0,0],"2":[0,0,0,0],"3":[0,0],"4":[0,0],"5":[0,0],"6":[0,0],"7":[0,0],"8":[0,0]},"_coverageSchema":"1a1c01bbd47fc00a2c39e90264f33305004495a9","hash":"0c2edd0de636022776709839df7e175a958cd14a"}
,"D:\\Documents\\project-encourage\\project-encourage\\handlers\\userHandler.js": {"path":"D:\\Documents\\project-encourage\\project-encourage\\handlers\\userHandler.js","statementMap":{"0":{"start":{"line":1,"column":0},"end":{"line":1,"column":27}},"1":{"start":{"line":2,"column":32},"end":{"line":2,"column":53}},"2":{"start":{"line":3,"column":13},"end":{"line":3,"column":39}},"3":{"start":{"line":4,"column":16},"end":{"line":4,"column":46}},"4":{"start":{"line":5,"column":17},"end":{"line":5,"column":47}},"5":{"start":{"line":6,"column":17},"end":{"line":6,"column":44}},"6":{"start":{"line":7,"column":17},"end":{"line":7,"column":39}},"7":{"start":{"line":8,"column":15},"end":{"line":8,"column":43}},"8":{"start":{"line":9,"column":15},"end":{"line":9,"column":43}},"9":{"start":{"line":16,"column":8},"end":{"line":16,"column":16}},"10":{"start":{"line":17,"column":8},"end":{"line":17,"column":33}},"11":{"start":{"line":18,"column":8},"end":{"line":18,"column":27}},"12":{"start":{"line":22,"column":22},"end":{"line":22,"column":37}},"13":{"start":{"line":23,"column":23},"end":{"line":23,"column":65}},"14":{"start":{"line":24,"column":8},"end":{"line":30,"column":9}},"15":{"start":{"line":25,"column":12},"end":{"line":25,"column":129}},"16":{"start":{"line":26,"column":12},"end":{"line":26,"column":51}},"17":{"start":{"line":28,"column":12},"end":{"line":29,"column":73}},"18":{"start":{"line":28,"column":37},"end":{"line":28,"column":76}},"19":{"start":{"line":29,"column":17},"end":{"line":29,"column":73}},"20":{"start":{"line":34,"column":23},"end":{"line":34,"column":65}},"21":{"start":{"line":35,"column":8},"end":{"line":38,"column":9}},"22":{"start":{"line":36,"column":12},"end":{"line":36,"column":85}},"23":{"start":{"line":37,"column":12},"end":{"line":37,"column":19}},"24":{"start":{"line":40,"column":8},"end":{"line":43,"column":9}},"25":{"start":{"line":41,"column":12},"end":{"line":41,"column":68}},"26":{"start":{"line":42,"column":12},"end":{"line":42,"column":19}},"27":{"start":{"line":45,"column":8},"end":{"line":45,"column":31}},"28":{"start":{"line":46,"column":8},"end":{"line":46,"column":28}},"29":{"start":{"line":47,"column":8},"end":{"line":47,"column":61}},"30":{"start":{"line":51,"column":8},"end":{"line":51,"column":32}},"31":{"start":{"line":55,"column":8},"end":{"line":55,"column":50}},"32":{"start":{"line":59,"column":23},"end":{"line":59,"column":42}},"33":{"start":{"line":60,"column":8},"end":{"line":60,"column":28}},"34":{"start":{"line":61,"column":8},"end":{"line":61,"column":22}},"35":{"start":{"line":65,"column":8},"end":{"line":65,"column":48}},"36":{"start":{"line":69,"column":22},"end":{"line":69,"column":60}},"37":{"start":{"line":72,"column":30},"end":{"line":76,"column":10}},"38":{"start":{"line":79,"column":8},"end":{"line":82,"column":9}},"39":{"start":{"line":80,"column":12},"end":{"line":80,"column":47}},"40":{"start":{"line":81,"column":12},"end":{"line":81,"column":19}},"41":{"start":{"line":84,"column":27},"end":{"line":84,"column":28}},"42":{"start":{"line":86,"column":8},"end":{"line":99,"column":9}},"43":{"start":{"line":87,"column":25},"end":{"line":87,"column":52}},"44":{"start":{"line":88,"column":28},"end":{"line":88,"column":48}},"45":{"start":{"line":89,"column":12},"end":{"line":93,"column":13}},"46":{"start":{"line":90,"column":16},"end":{"line":90,"column":39}},"47":{"start":{"line":91,"column":16},"end":{"line":91,"column":28}},"48":{"start":{"line":92,"column":16},"end":{"line":92,"column":25}},"49":{"start":{"line":94,"column":12},"end":{"line":94,"column":61}},"50":{"start":{"line":97,"column":12},"end":{"line":97,"column":71}},"51":{"start":{"line":98,"column":12},"end":{"line":98,"column":27}},"52":{"start":{"line":101,"column":8},"end":{"line":101,"column":89}},"53":{"start":{"line":106,"column":0},"end":{"line":106,"column":29}}},"fnMap":{"0":{"name":"(anonymous_0)","decl":{"start":{"line":15,"column":4},"end":{"line":15,"column":5}},"loc":{"start":{"line":15,"column":18},"end":{"line":19,"column":5}},"line":15},"1":{"name":"(anonymous_1)","decl":{"start":{"line":21,"column":4},"end":{"line":21,"column":5}},"loc":{"start":{"line":21,"column":34},"end":{"line":31,"column":5}},"line":21},"2":{"name":"(anonymous_2)","decl":{"start":{"line":33,"column":4},"end":{"line":33,"column":5}},"loc":{"start":{"line":33,"column":35},"end":{"line":48,"column":5}},"line":33},"3":{"name":"(anonymous_3)","decl":{"start":{"line":50,"column":4},"end":{"line":50,"column":5}},"loc":{"start":{"line":50,"column":15},"end":{"line":52,"column":5}},"line":50},"4":{"name":"(anonymous_4)","decl":{"start":{"line":54,"column":4},"end":{"line":54,"column":5}},"loc":{"start":{"line":54,"column":44},"end":{"line":56,"column":5}},"line":54},"5":{"name":"(anonymous_5)","decl":{"start":{"line":58,"column":4},"end":{"line":58,"column":5}},"loc":{"start":{"line":58,"column":30},"end":{"line":62,"column":5}},"line":58},"6":{"name":"(anonymous_6)","decl":{"start":{"line":64,"column":4},"end":{"line":64,"column":5}},"loc":{"start":{"line":64,"column":37},"end":{"line":66,"column":5}},"line":64},"7":{"name":"(anonymous_7)","decl":{"start":{"line":68,"column":4},"end":{"line":68,"column":5}},"loc":{"start":{"line":68,"column":20},"end":{"line":102,"column":5}},"line":68}},"branchMap":{"0":{"loc":{"start":{"line":24,"column":8},"end":{"line":30,"column":9}},"type":"if","locations":[{"start":{"line":24,"column":8},"end":{"line":30,"column":9}},{"start":{"line":27,"column":15},"end":{"line":30,"column":9}}],"line":24},"1":{"loc":{"start":{"line":28,"column":12},"end":{"line":29,"column":73}},"type":"if","locations":[{"start":{"line":28,"column":12},"end":{"line":29,"column":73}},{"start":{"line":29,"column":17},"end":{"line":29,"column":73}}],"line":28},"2":{"loc":{"start":{"line":35,"column":8},"end":{"line":38,"column":9}},"type":"if","locations":[{"start":{"line":35,"column":8},"end":{"line":38,"column":9}},{"start":{},"end":{}}],"line":35},"3":{"loc":{"start":{"line":40,"column":8},"end":{"line":43,"column":9}},"type":"if","locations":[{"start":{"line":40,"column":8},"end":{"line":43,"column":9}},{"start":{},"end":{}}],"line":40},"4":{"loc":{"start":{"line":54,"column":22},"end":{"line":54,"column":42}},"type":"default-arg","locations":[{"start":{"line":54,"column":33},"end":{"line":54,"column":42}}],"line":54},"5":{"loc":{"start":{"line":79,"column":8},"end":{"line":82,"column":9}},"type":"if","locations":[{"start":{"line":79,"column":8},"end":{"line":82,"column":9}},{"start":{},"end":{}}],"line":79},"6":{"loc":{"start":{"line":89,"column":12},"end":{"line":93,"column":13}},"type":"if","locations":[{"start":{"line":89,"column":12},"end":{"line":93,"column":13}},{"start":{},"end":{}}],"line":89}},"s":{"0":1,"1":1,"2":1,"3":1,"4":1,"5":1,"6":1,"7":1,"8":1,"9":0,"10":0,"11":0,"12":0,"13":0,"14":0,"15":0,"16":0,"17":0,"18":0,"19":0,"20":0,"21":0,"22":0,"23":0,"24":0,"25":0,"26":0,"27":0,"28":0,"29":0,"30":0,"31":0,"32":0,"33":0,"34":0,"35":0,"36":0,"37":0,"38":0,"39":0,"40":0,"41":0,"42":0,"43":0,"44":0,"45":0,"46":0,"47":0,"48":0,"49":0,"50":0,"51":0,"52":0,"53":1},"f":{"0":0,"1":0,"2":0,"3":0,"4":0,"5":0,"6":0,"7":0},"b":{"0":[0,0],"1":[0,0],"2":[0,0],"3":[0,0],"4":[0],"5":[0,0],"6":[0,0]},"_coverageSchema":"1a1c01bbd47fc00a2c39e90264f33305004495a9","hash":"a7c51872215e1ab82aa8c02e396b315d179f5c84"}
,"D:\\Documents\\project-encourage\\project-encourage\\objects\\dare.js": {"path":"D:\\Documents\\project-encourage\\project-encourage\\objects\\dare.js","statementMap":{"0":{"start":{"line":1,"column":17},"end":{"line":1,"column":44}},"1":{"start":{"line":5,"column":8},"end":{"line":5,"column":26}},"2":{"start":{"line":9,"column":0},"end":{"line":9,"column":22}}},"fnMap":{"0":{"name":"(anonymous_0)","decl":{"start":{"line":4,"column":4},"end":{"line":4,"column":5}},"loc":{"start":{"line":4,"column":27},"end":{"line":6,"column":5}},"line":4}},"branchMap":{"0":{"loc":{"start":{"line":4,"column":16},"end":{"line":4,"column":25}},"type":"default-arg","locations":[{"start":{"line":4,"column":21},"end":{"line":4,"column":25}}],"line":4}},"s":{"0":2,"1":0,"2":2},"f":{"0":0},"b":{"0":[0]},"_coverageSchema":"1a1c01bbd47fc00a2c39e90264f33305004495a9","hash":"503f1dd1efcfd1c80ae968575a934110b91a3c41"}
,"D:\\Documents\\project-encourage\\project-encourage\\objects\\database.js": {"path":"D:\\Documents\\project-encourage\\project-encourage\\objects\\database.js","statementMap":{"0":{"start":{"line":1,"column":14},"end":{"line":1,"column":31}},"1":{"start":{"line":8,"column":2},"end":{"line":37,"column":3}},"2":{"start":{"line":9,"column":3},"end":{"line":15,"column":6}},"3":{"start":{"line":17,"column":3},"end":{"line":34,"column":6}},"4":{"start":{"line":18,"column":4},"end":{"line":33,"column":7}},"5":{"start":{"line":19,"column":5},"end":{"line":32,"column":6}},"6":{"start":{"line":20,"column":6},"end":{"line":29,"column":7}},"7":{"start":{"line":22,"column":7},"end":{"line":22,"column":99}},"8":{"start":{"line":23,"column":7},"end":{"line":25,"column":16}},"9":{"start":{"line":24,"column":8},"end":{"line":24,"column":67}},"10":{"start":{"line":28,"column":7},"end":{"line":28,"column":19}},"11":{"start":{"line":31,"column":6},"end":{"line":31,"column":16}},"12":{"start":{"line":36,"column":3},"end":{"line":36,"column":13}},"13":{"start":{"line":41,"column":2},"end":{"line":56,"column":3}},"14":{"start":{"line":42,"column":3},"end":{"line":42,"column":18}},"15":{"start":{"line":43,"column":3},"end":{"line":53,"column":6}},"16":{"start":{"line":44,"column":4},"end":{"line":50,"column":7}},"17":{"start":{"line":45,"column":5},"end":{"line":49,"column":6}},"18":{"start":{"line":46,"column":6},"end":{"line":46,"column":20}},"19":{"start":{"line":48,"column":6},"end":{"line":48,"column":23}},"20":{"start":{"line":52,"column":4},"end":{"line":52,"column":25}},"21":{"start":{"line":55,"column":3},"end":{"line":55,"column":79}},"22":{"start":{"line":60,"column":2},"end":{"line":61,"column":26}},"23":{"start":{"line":61,"column":17},"end":{"line":61,"column":24}},"24":{"start":{"line":72,"column":2},"end":{"line":72,"column":56}},"25":{"start":{"line":73,"column":17},"end":{"line":73,"column":41}},"26":{"start":{"line":74,"column":16},"end":{"line":74,"column":40}},"27":{"start":{"line":76,"column":12},"end":{"line":76,"column":40}},"28":{"start":{"line":78,"column":2},"end":{"line":80,"column":3}},"29":{"start":{"line":79,"column":3},"end":{"line":79,"column":29}},"30":{"start":{"line":82,"column":22},"end":{"line":82,"column":65}},"31":{"start":{"line":82,"column":47},"end":{"line":82,"column":64}},"32":{"start":{"line":84,"column":2},"end":{"line":84,"column":32}},"33":{"start":{"line":85,"column":2},"end":{"line":85,"column":22}},"34":{"start":{"line":87,"column":2},"end":{"line":89,"column":3}},"35":{"start":{"line":88,"column":3},"end":{"line":88,"column":51}},"36":{"start":{"line":91,"column":2},"end":{"line":93,"column":5}},"37":{"start":{"line":92,"column":3},"end":{"line":92,"column":49}},"38":{"start":{"line":95,"column":2},"end":{"line":95,"column":25}},"39":{"start":{"line":96,"column":2},"end":{"line":96,"column":13}},"40":{"start":{"line":98,"column":2},"end":{"line":98,"column":37}},"41":{"start":{"line":99,"column":2},"end":{"line":103,"column":5}},"42":{"start":{"line":100,"column":3},"end":{"line":102,"column":4}},"43":{"start":{"line":101,"column":4},"end":{"line":101,"column":65}},"44":{"start":{"line":105,"column":2},"end":{"line":105,"column":25}},"45":{"start":{"line":109,"column":17},"end":{"line":109,"column":38}},"46":{"start":{"line":110,"column":2},"end":{"line":110,"column":25}},"47":{"start":{"line":115,"column":2},"end":{"line":115,"column":59}},"48":{"start":{"line":119,"column":16},"end":{"line":119,"column":133}},"49":{"start":{"line":121,"column":2},"end":{"line":121,"column":27}},"50":{"start":{"line":135,"column":2},"end":{"line":135,"column":167}},"51":{"start":{"line":139,"column":2},"end":{"line":141,"column":3}},"52":{"start":{"line":140,"column":3},"end":{"line":140,"column":79}},"53":{"start":{"line":143,"column":2},"end":{"line":143,"column":197}},"54":{"start":{"line":148,"column":2},"end":{"line":160,"column":3}},"55":{"start":{"line":149,"column":3},"end":{"line":149,"column":35}},"56":{"start":{"line":150,"column":9},"end":{"line":160,"column":3}},"57":{"start":{"line":151,"column":3},"end":{"line":151,"column":16}},"58":{"start":{"line":152,"column":9},"end":{"line":160,"column":3}},"59":{"start":{"line":153,"column":3},"end":{"line":153,"column":68}},"60":{"start":{"line":154,"column":9},"end":{"line":160,"column":3}},"61":{"start":{"line":155,"column":3},"end":{"line":155,"column":24}},"62":{"start":{"line":156,"column":9},"end":{"line":160,"column":3}},"63":{"start":{"line":157,"column":3},"end":{"line":157,"column":17}},"64":{"start":{"line":159,"column":3},"end":{"line":159,"column":55}},"65":{"start":{"line":164,"column":0},"end":{"line":164,"column":26}}},"fnMap":{"0":{"name":"(anonymous_0)","decl":{"start":{"line":7,"column":1},"end":{"line":7,"column":2}},"loc":{"start":{"line":7,"column":33},"end":{"line":38,"column":2}},"line":7},"1":{"name":"(anonymous_1)","decl":{"start":{"line":17,"column":21},"end":{"line":17,"column":22}},"loc":{"start":{"line":17,"column":42},"end":{"line":34,"column":4}},"line":17},"2":{"name":"(anonymous_2)","decl":{"start":{"line":18,"column":28},"end":{"line":18,"column":29}},"loc":{"start":{"line":18,"column":37},"end":{"line":33,"column":5}},"line":18},"3":{"name":"(anonymous_3)","decl":{"start":{"line":23,"column":18},"end":{"line":23,"column":19}},"loc":{"start":{"line":23,"column":24},"end":{"line":25,"column":8}},"line":23},"4":{"name":"(anonymous_4)","decl":{"start":{"line":40,"column":1},"end":{"line":40,"column":2}},"loc":{"start":{"line":40,"column":12},"end":{"line":57,"column":2}},"line":40},"5":{"name":"(anonymous_5)","decl":{"start":{"line":43,"column":22},"end":{"line":43,"column":23}},"loc":{"start":{"line":43,"column":43},"end":{"line":51,"column":4}},"line":43},"6":{"name":"(anonymous_6)","decl":{"start":{"line":44,"column":31},"end":{"line":44,"column":32}},"loc":{"start":{"line":44,"column":51},"end":{"line":50,"column":5}},"line":44},"7":{"name":"(anonymous_7)","decl":{"start":{"line":51,"column":14},"end":{"line":51,"column":15}},"loc":{"start":{"line":51,"column":20},"end":{"line":53,"column":4}},"line":51},"8":{"name":"(anonymous_8)","decl":{"start":{"line":59,"column":1},"end":{"line":59,"column":2}},"loc":{"start":{"line":59,"column":32},"end":{"line":62,"column":2}},"line":59},"9":{"name":"(anonymous_9)","decl":{"start":{"line":61,"column":9},"end":{"line":61,"column":10}},"loc":{"start":{"line":61,"column":17},"end":{"line":61,"column":24}},"line":61},"10":{"name":"(anonymous_10)","decl":{"start":{"line":71,"column":1},"end":{"line":71,"column":2}},"loc":{"start":{"line":71,"column":47},"end":{"line":111,"column":2}},"line":71},"11":{"name":"(anonymous_11)","decl":{"start":{"line":82,"column":36},"end":{"line":82,"column":37}},"loc":{"start":{"line":82,"column":47},"end":{"line":82,"column":64}},"line":82},"12":{"name":"(anonymous_12)","decl":{"start":{"line":91,"column":22},"end":{"line":91,"column":23}},"loc":{"start":{"line":91,"column":33},"end":{"line":93,"column":3}},"line":91},"13":{"name":"(anonymous_13)","decl":{"start":{"line":99,"column":17},"end":{"line":99,"column":18}},"loc":{"start":{"line":99,"column":28},"end":{"line":103,"column":3}},"line":99},"14":{"name":"(anonymous_14)","decl":{"start":{"line":114,"column":1},"end":{"line":114,"column":2}},"loc":{"start":{"line":114,"column":19},"end":{"line":116,"column":2}},"line":114},"15":{"name":"(anonymous_15)","decl":{"start":{"line":118,"column":1},"end":{"line":118,"column":2}},"loc":{"start":{"line":118,"column":43},"end":{"line":122,"column":2}},"line":118},"16":{"name":"(anonymous_16)","decl":{"start":{"line":133,"column":1},"end":{"line":133,"column":2}},"loc":{"start":{"line":133,"column":57},"end":{"line":136,"column":2}},"line":133},"17":{"name":"(anonymous_17)","decl":{"start":{"line":138,"column":1},"end":{"line":138,"column":2}},"loc":{"start":{"line":138,"column":77},"end":{"line":144,"column":2}},"line":138},"18":{"name":"(anonymous_18)","decl":{"start":{"line":147,"column":1},"end":{"line":147,"column":2}},"loc":{"start":{"line":147,"column":15},"end":{"line":161,"column":2}},"line":147}},"branchMap":{"0":{"loc":{"start":{"line":7,"column":15},"end":{"line":7,"column":31}},"type":"default-arg","locations":[{"start":{"line":7,"column":30},"end":{"line":7,"column":31}}],"line":7},"1":{"loc":{"start":{"line":19,"column":5},"end":{"line":32,"column":6}},"type":"if","locations":[{"start":{"line":19,"column":5},"end":{"line":32,"column":6}},{"start":{"line":30,"column":12},"end":{"line":32,"column":6}}],"line":19},"2":{"loc":{"start":{"line":20,"column":6},"end":{"line":29,"column":7}},"type":"if","locations":[{"start":{"line":20,"column":6},"end":{"line":29,"column":7}},{"start":{"line":26,"column":13},"end":{"line":29,"column":7}}],"line":20},"3":{"loc":{"start":{"line":20,"column":10},"end":{"line":20,"column":57}},"type":"binary-expr","locations":[{"start":{"line":20,"column":10},"end":{"line":20,"column":37}},{"start":{"line":20,"column":41},"end":{"line":20,"column":57}}],"line":20},"4":{"loc":{"start":{"line":45,"column":5},"end":{"line":49,"column":6}},"type":"if","locations":[{"start":{"line":45,"column":5},"end":{"line":49,"column":6}},{"start":{"line":47,"column":12},"end":{"line":49,"column":6}}],"line":45},"5":{"loc":{"start":{"line":59,"column":16},"end":{"line":59,"column":30}},"type":"default-arg","locations":[{"start":{"line":59,"column":26},"end":{"line":59,"column":30}}],"line":59},"6":{"loc":{"start":{"line":71,"column":31},"end":{"line":71,"column":45}},"type":"default-arg","locations":[{"start":{"line":71,"column":41},"end":{"line":71,"column":45}}],"line":71},"7":{"loc":{"start":{"line":78,"column":2},"end":{"line":80,"column":3}},"type":"if","locations":[{"start":{"line":78,"column":2},"end":{"line":80,"column":3}},{"start":{},"end":{}}],"line":78},"8":{"loc":{"start":{"line":87,"column":2},"end":{"line":89,"column":3}},"type":"if","locations":[{"start":{"line":87,"column":2},"end":{"line":89,"column":3}},{"start":{},"end":{}}],"line":87},"9":{"loc":{"start":{"line":100,"column":3},"end":{"line":102,"column":4}},"type":"if","locations":[{"start":{"line":100,"column":3},"end":{"line":102,"column":4}},{"start":{},"end":{}}],"line":100},"10":{"loc":{"start":{"line":133,"column":13},"end":{"line":133,"column":23}},"type":"default-arg","locations":[{"start":{"line":133,"column":21},"end":{"line":133,"column":23}}],"line":133},"11":{"loc":{"start":{"line":133,"column":25},"end":{"line":133,"column":34}},"type":"default-arg","locations":[{"start":{"line":133,"column":33},"end":{"line":133,"column":34}}],"line":133},"12":{"loc":{"start":{"line":133,"column":36},"end":{"line":133,"column":49}},"type":"default-arg","locations":[{"start":{"line":133,"column":44},"end":{"line":133,"column":49}}],"line":133},"13":{"loc":{"start":{"line":135,"column":46},"end":{"line":135,"column":75}},"type":"cond-expr","locations":[{"start":{"line":135,"column":54},"end":{"line":135,"column":70}},{"start":{"line":135,"column":73},"end":{"line":135,"column":75}}],"line":135},"14":{"loc":{"start":{"line":135,"column":100},"end":{"line":135,"column":163}},"type":"cond-expr","locations":[{"start":{"line":135,"column":112},"end":{"line":135,"column":158}},{"start":{"line":135,"column":161},"end":{"line":135,"column":163}}],"line":135},"15":{"loc":{"start":{"line":138,"column":29},"end":{"line":138,"column":38}},"type":"default-arg","locations":[{"start":{"line":138,"column":37},"end":{"line":138,"column":38}}],"line":138},"16":{"loc":{"start":{"line":138,"column":40},"end":{"line":138,"column":53}},"type":"default-arg","locations":[{"start":{"line":138,"column":48},"end":{"line":138,"column":53}}],"line":138},"17":{"loc":{"start":{"line":138,"column":55},"end":{"line":138,"column":75}},"type":"default-arg","locations":[{"start":{"line":138,"column":71},"end":{"line":138,"column":75}}],"line":138},"18":{"loc":{"start":{"line":139,"column":2},"end":{"line":141,"column":3}},"type":"if","locations":[{"start":{"line":139,"column":2},"end":{"line":141,"column":3}},{"start":{},"end":{}}],"line":139},"19":{"loc":{"start":{"line":139,"column":6},"end":{"line":139,"column":41}},"type":"binary-expr","locations":[{"start":{"line":139,"column":6},"end":{"line":139,"column":21}},{"start":{"line":139,"column":25},"end":{"line":139,"column":41}}],"line":139},"20":{"loc":{"start":{"line":143,"column":90},"end":{"line":143,"column":129}},"type":"cond-expr","locations":[{"start":{"line":143,"column":106},"end":{"line":143,"column":124}},{"start":{"line":143,"column":127},"end":{"line":143,"column":129}}],"line":143},"21":{"loc":{"start":{"line":143,"column":160},"end":{"line":143,"column":193}},"type":"cond-expr","locations":[{"start":{"line":143,"column":172},"end":{"line":143,"column":188}},{"start":{"line":143,"column":191},"end":{"line":143,"column":193}}],"line":143},"22":{"loc":{"start":{"line":148,"column":2},"end":{"line":160,"column":3}},"type":"if","locations":[{"start":{"line":148,"column":2},"end":{"line":160,"column":3}},{"start":{"line":150,"column":9},"end":{"line":160,"column":3}}],"line":148},"23":{"loc":{"start":{"line":150,"column":9},"end":{"line":160,"column":3}},"type":"if","locations":[{"start":{"line":150,"column":9},"end":{"line":160,"column":3}},{"start":{"line":152,"column":9},"end":{"line":160,"column":3}}],"line":150},"24":{"loc":{"start":{"line":152,"column":9},"end":{"line":160,"column":3}},"type":"if","locations":[{"start":{"line":152,"column":9},"end":{"line":160,"column":3}},{"start":{"line":154,"column":9},"end":{"line":160,"column":3}}],"line":152},"25":{"loc":{"start":{"line":154,"column":9},"end":{"line":160,"column":3}},"type":"if","locations":[{"start":{"line":154,"column":9},"end":{"line":160,"column":3}},{"start":{"line":156,"column":9},"end":{"line":160,"column":3}}],"line":154},"26":{"loc":{"start":{"line":155,"column":10},"end":{"line":155,"column":23}},"type":"cond-expr","locations":[{"start":{"line":155,"column":18},"end":{"line":155,"column":19}},{"start":{"line":155,"column":22},"end":{"line":155,"column":23}}],"line":155},"27":{"loc":{"start":{"line":156,"column":9},"end":{"line":160,"column":3}},"type":"if","locations":[{"start":{"line":156,"column":9},"end":{"line":160,"column":3}},{"start":{"line":158,"column":9},"end":{"line":160,"column":3}}],"line":156},"28":{"loc":{"start":{"line":156,"column":13},"end":{"line":156,"column":50}},"type":"binary-expr","locations":[{"start":{"line":156,"column":13},"end":{"line":156,"column":27}},{"start":{"line":156,"column":31},"end":{"line":156,"column":50}}],"line":156}},"s":{"0":4,"1":0,"2":0,"3":0,"4":0,"5":0,"6":0,"7":0,"8":0,"9":0,"10":0,"11":0,"12":0,"13":0,"14":0,"15":0,"16":0,"17":0,"18":0,"19":0,"20":0,"21":0,"22":0,"23":0,"24":0,"25":0,"26":0,"27":0,"28":0,"29":0,"30":0,"31":0,"32":0,"33":0,"34":0,"35":0,"36":0,"37":0,"38":0,"39":0,"40":0,"41":0,"42":0,"43":0,"44":0,"45":0,"46":0,"47":0,"48":0,"49":0,"50":0,"51":0,"52":0,"53":0,"54":0,"55":0,"56":0,"57":0,"58":0,"59":0,"60":0,"61":0,"62":0,"63":0,"64":0,"65":4},"f":{"0":0,"1":0,"2":0,"3":0,"4":0,"5":0,"6":0,"7":0,"8":0,"9":0,"10":0,"11":0,"12":0,"13":0,"14":0,"15":0,"16":0,"17":0,"18":0},"b":{"0":[0],"1":[0,0],"2":[0,0],"3":[0,0],"4":[0,0],"5":[0],"6":[0],"7":[0,0],"8":[0,0],"9":[0,0],"10":[0],"11":[0],"12":[0],"13":[0,0],"14":[0,0],"15":[0],"16":[0],"17":[0],"18":[0,0],"19":[0,0],"20":[0,0],"21":[0,0],"22":[0,0],"23":[0,0],"24":[0,0],"25":[0,0],"26":[0,0],"27":[0,0],"28":[0,0]},"_coverageSchema":"1a1c01bbd47fc00a2c39e90264f33305004495a9","hash":"5bba378b5ff484ea8bb58f4aa97ad58d070dde13"}
,"D:\\Documents\\project-encourage\\project-encourage\\objects\\leaderboard.js": {"path":"D:\\Documents\\project-encourage\\project-encourage\\objects\\leaderboard.js","statementMap":{"0":{"start":{"line":1,"column":30},"end":{"line":1,"column":51}},"1":{"start":{"line":2,"column":36},"end":{"line":2,"column":53}},"2":{"start":{"line":3,"column":13},"end":{"line":3,"column":36}},"3":{"start":{"line":4,"column":21},"end":{"line":4,"column":34}},"4":{"start":{"line":5,"column":17},"end":{"line":5,"column":44}},"5":{"start":{"line":9,"column":8},"end":{"line":9,"column":39}},"6":{"start":{"line":10,"column":8},"end":{"line":10,"column":29}},"7":{"start":{"line":14,"column":27},"end":{"line":14,"column":61}},"8":{"start":{"line":15,"column":23},"end":{"line":15,"column":58}},"9":{"start":{"line":16,"column":20},"end":{"line":16,"column":43}},"10":{"start":{"line":17,"column":8},"end":{"line":17,"column":34}},"11":{"start":{"line":18,"column":8},"end":{"line":18,"column":56}},"12":{"start":{"line":20,"column":8},"end":{"line":23,"column":9}},"13":{"start":{"line":20,"column":21},"end":{"line":20,"column":22}},"14":{"start":{"line":21,"column":27},"end":{"line":21,"column":40}},"15":{"start":{"line":22,"column":12},"end":{"line":22,"column":71}},"16":{"start":{"line":25,"column":8},"end":{"line":25,"column":51}},"17":{"start":{"line":26,"column":8},"end":{"line":26,"column":56}},"18":{"start":{"line":31,"column":8},"end":{"line":42,"column":9}},"19":{"start":{"line":32,"column":12},"end":{"line":32,"column":98}},"20":{"start":{"line":34,"column":12},"end":{"line":41,"column":41}},"21":{"start":{"line":43,"column":19},"end":{"line":43,"column":33}},"22":{"start":{"line":44,"column":18},"end":{"line":44,"column":39}},"23":{"start":{"line":45,"column":20},"end":{"line":45,"column":22}},"24":{"start":{"line":47,"column":8},"end":{"line":52,"column":9}},"25":{"start":{"line":48,"column":23},"end":{"line":48,"column":64}},"26":{"start":{"line":49,"column":25},"end":{"line":49,"column":41}},"27":{"start":{"line":50,"column":12},"end":{"line":50,"column":74}},"28":{"start":{"line":50,"column":25},"end":{"line":50,"column":74}},"29":{"start":{"line":51,"column":12},"end":{"line":51,"column":31}},"30":{"start":{"line":54,"column":8},"end":{"line":54,"column":21}},"31":{"start":{"line":58,"column":28},"end":{"line":58,"column":32}},"32":{"start":{"line":59,"column":24},"end":{"line":59,"column":27}},"33":{"start":{"line":60,"column":24},"end":{"line":60,"column":30}},"34":{"start":{"line":61,"column":27},"end":{"line":61,"column":30}},"35":{"start":{"line":62,"column":22},"end":{"line":62,"column":48}},"36":{"start":{"line":63,"column":27},"end":{"line":63,"column":29}},"37":{"start":{"line":64,"column":33},"end":{"line":64,"column":35}},"38":{"start":{"line":65,"column":32},"end":{"line":65,"column":34}},"39":{"start":{"line":67,"column":8},"end":{"line":70,"column":9}},"40":{"start":{"line":68,"column":12},"end":{"line":68,"column":38}},"41":{"start":{"line":69,"column":12},"end":{"line":69,"column":54}},"42":{"start":{"line":72,"column":33},"end":{"line":72,"column":43}},"43":{"start":{"line":73,"column":8},"end":{"line":73,"column":63}},"44":{"start":{"line":74,"column":8},"end":{"line":74,"column":59}},"45":{"start":{"line":75,"column":8},"end":{"line":75,"column":33}},"46":{"start":{"line":76,"column":8},"end":{"line":76,"column":36}},"47":{"start":{"line":77,"column":29},"end":{"line":77,"column":78}},"48":{"start":{"line":78,"column":8},"end":{"line":78,"column":68}},"49":{"start":{"line":79,"column":8},"end":{"line":79,"column":33}},"50":{"start":{"line":81,"column":24},"end":{"line":81,"column":47}},"51":{"start":{"line":82,"column":8},"end":{"line":82,"column":19}},"52":{"start":{"line":84,"column":8},"end":{"line":84,"column":24}},"53":{"start":{"line":85,"column":8},"end":{"line":85,"column":73}},"54":{"start":{"line":86,"column":8},"end":{"line":86,"column":24}},"55":{"start":{"line":87,"column":8},"end":{"line":87,"column":19}},"56":{"start":{"line":89,"column":23},"end":{"line":89,"column":49}},"57":{"start":{"line":90,"column":8},"end":{"line":90,"column":72}},"58":{"start":{"line":91,"column":8},"end":{"line":91,"column":22}},"59":{"start":{"line":93,"column":8},"end":{"line":93,"column":34}},"60":{"start":{"line":94,"column":8},"end":{"line":94,"column":95}},"61":{"start":{"line":96,"column":20},"end":{"line":96,"column":69}},"62":{"start":{"line":97,"column":8},"end":{"line":97,"column":58}},"63":{"start":{"line":99,"column":8},"end":{"line":99,"column":53}},"64":{"start":{"line":100,"column":8},"end":{"line":100,"column":33}},"65":{"start":{"line":101,"column":32},"end":{"line":101,"column":106}},"66":{"start":{"line":102,"column":8},"end":{"line":102,"column":66}},"67":{"start":{"line":107,"column":20},"end":{"line":107,"column":250}},"68":{"start":{"line":108,"column":8},"end":{"line":110,"column":9}},"69":{"start":{"line":109,"column":12},"end":{"line":109,"column":278}},"70":{"start":{"line":111,"column":19},"end":{"line":111,"column":33}},"71":{"start":{"line":112,"column":23},"end":{"line":112,"column":44}},"72":{"start":{"line":113,"column":8},"end":{"line":113,"column":40}},"73":{"start":{"line":114,"column":19},"end":{"line":114,"column":53}},"74":{"start":{"line":115,"column":8},"end":{"line":115,"column":26}},"75":{"start":{"line":116,"column":8},"end":{"line":116,"column":73}},"76":{"start":{"line":120,"column":28},"end":{"line":124,"column":9}},"77":{"start":{"line":126,"column":8},"end":{"line":126,"column":24}},"78":{"start":{"line":127,"column":8},"end":{"line":127,"column":82}},"79":{"start":{"line":128,"column":8},"end":{"line":128,"column":57}},"80":{"start":{"line":129,"column":8},"end":{"line":129,"column":26}},"81":{"start":{"line":130,"column":8},"end":{"line":130,"column":21}},"82":{"start":{"line":131,"column":8},"end":{"line":131,"column":34}},"83":{"start":{"line":132,"column":8},"end":{"line":132,"column":37}},"84":{"start":{"line":133,"column":8},"end":{"line":133,"column":33}},"85":{"start":{"line":134,"column":8},"end":{"line":134,"column":36}},"86":{"start":{"line":135,"column":8},"end":{"line":135,"column":58}},"87":{"start":{"line":139,"column":23},"end":{"line":139,"column":34}},"88":{"start":{"line":140,"column":8},"end":{"line":140,"column":41}},"89":{"start":{"line":141,"column":8},"end":{"line":141,"column":31}},"90":{"start":{"line":142,"column":8},"end":{"line":142,"column":36}},"91":{"start":{"line":143,"column":8},"end":{"line":146,"column":9}},"92":{"start":{"line":144,"column":12},"end":{"line":144,"column":23}},"93":{"start":{"line":145,"column":12},"end":{"line":145,"column":45}},"94":{"start":{"line":148,"column":8},"end":{"line":153,"column":9}},"95":{"start":{"line":149,"column":12},"end":{"line":151,"column":13}},"96":{"start":{"line":150,"column":16},"end":{"line":150,"column":41}},"97":{"start":{"line":152,"column":12},"end":{"line":152,"column":26}},"98":{"start":{"line":155,"column":8},"end":{"line":155,"column":33}},"99":{"start":{"line":159,"column":0},"end":{"line":159,"column":29}}},"fnMap":{"0":{"name":"(anonymous_0)","decl":{"start":{"line":8,"column":4},"end":{"line":8,"column":5}},"loc":{"start":{"line":8,"column":37},"end":{"line":11,"column":5}},"line":8},"1":{"name":"(anonymous_1)","decl":{"start":{"line":13,"column":4},"end":{"line":13,"column":5}},"loc":{"start":{"line":13,"column":45},"end":{"line":27,"column":5}},"line":13},"2":{"name":"(anonymous_2)","decl":{"start":{"line":29,"column":4},"end":{"line":29,"column":5}},"loc":{"start":{"line":29,"column":41},"end":{"line":55,"column":5}},"line":29},"3":{"name":"(anonymous_3)","decl":{"start":{"line":57,"column":4},"end":{"line":57,"column":5}},"loc":{"start":{"line":57,"column":66},"end":{"line":103,"column":5}},"line":57},"4":{"name":"(anonymous_4)","decl":{"start":{"line":106,"column":4},"end":{"line":106,"column":5}},"loc":{"start":{"line":106,"column":49},"end":{"line":117,"column":5}},"line":106},"5":{"name":"(anonymous_5)","decl":{"start":{"line":119,"column":4},"end":{"line":119,"column":5}},"loc":{"start":{"line":119,"column":45},"end":{"line":136,"column":5}},"line":119},"6":{"name":"(anonymous_6)","decl":{"start":{"line":138,"column":4},"end":{"line":138,"column":5}},"loc":{"start":{"line":138,"column":77},"end":{"line":156,"column":5}},"line":138}},"branchMap":{"0":{"loc":{"start":{"line":13,"column":30},"end":{"line":13,"column":43}},"type":"default-arg","locations":[{"start":{"line":13,"column":39},"end":{"line":13,"column":43}}],"line":13},"1":{"loc":{"start":{"line":29,"column":26},"end":{"line":29,"column":39}},"type":"default-arg","locations":[{"start":{"line":29,"column":35},"end":{"line":29,"column":39}}],"line":29},"2":{"loc":{"start":{"line":31,"column":8},"end":{"line":42,"column":9}},"type":"if","locations":[{"start":{"line":31,"column":8},"end":{"line":42,"column":9}},{"start":{"line":33,"column":15},"end":{"line":42,"column":9}}],"line":31},"3":{"loc":{"start":{"line":48,"column":32},"end":{"line":48,"column":63}},"type":"binary-expr","locations":[{"start":{"line":48,"column":32},"end":{"line":48,"column":43}},{"start":{"line":48,"column":47},"end":{"line":48,"column":63}}],"line":48},"4":{"loc":{"start":{"line":50,"column":12},"end":{"line":50,"column":74}},"type":"if","locations":[{"start":{"line":50,"column":12},"end":{"line":50,"column":74}},{"start":{},"end":{}}],"line":50},"5":{"loc":{"start":{"line":67,"column":8},"end":{"line":70,"column":9}},"type":"if","locations":[{"start":{"line":67,"column":8},"end":{"line":70,"column":9}},{"start":{},"end":{}}],"line":67},"6":{"loc":{"start":{"line":73,"column":24},"end":{"line":73,"column":62}},"type":"cond-expr","locations":[{"start":{"line":73,"column":41},"end":{"line":73,"column":50}},{"start":{"line":73,"column":53},"end":{"line":73,"column":62}}],"line":73},"7":{"loc":{"start":{"line":77,"column":29},"end":{"line":77,"column":78}},"type":"binary-expr","locations":[{"start":{"line":77,"column":29},"end":{"line":77,"column":38}},{"start":{"line":77,"column":42},"end":{"line":77,"column":78}}],"line":77},"8":{"loc":{"start":{"line":96,"column":20},"end":{"line":96,"column":69}},"type":"cond-expr","locations":[{"start":{"line":96,"column":29},"end":{"line":96,"column":47}},{"start":{"line":96,"column":50},"end":{"line":96,"column":69}}],"line":96},"9":{"loc":{"start":{"line":106,"column":34},"end":{"line":106,"column":47}},"type":"default-arg","locations":[{"start":{"line":106,"column":43},"end":{"line":106,"column":47}}],"line":106},"10":{"loc":{"start":{"line":108,"column":8},"end":{"line":110,"column":9}},"type":"if","locations":[{"start":{"line":108,"column":8},"end":{"line":110,"column":9}},{"start":{},"end":{}}],"line":108},"11":{"loc":{"start":{"line":128,"column":26},"end":{"line":128,"column":56}},"type":"cond-expr","locations":[{"start":{"line":128,"column":35},"end":{"line":128,"column":44}},{"start":{"line":128,"column":47},"end":{"line":128,"column":56}}],"line":128},"12":{"loc":{"start":{"line":143,"column":15},"end":{"line":143,"column":79}},"type":"binary-expr","locations":[{"start":{"line":143,"column":15},"end":{"line":143,"column":53}},{"start":{"line":143,"column":57},"end":{"line":143,"column":79}}],"line":143},"13":{"loc":{"start":{"line":148,"column":8},"end":{"line":153,"column":9}},"type":"if","locations":[{"start":{"line":148,"column":8},"end":{"line":153,"column":9}},{"start":{},"end":{}}],"line":148}},"s":{"0":1,"1":1,"2":1,"3":1,"4":1,"5":0,"6":0,"7":0,"8":0,"9":0,"10":0,"11":0,"12":0,"13":0,"14":0,"15":0,"16":0,"17":0,"18":0,"19":0,"20":0,"21":0,"22":0,"23":0,"24":0,"25":0,"26":0,"27":0,"28":0,"29":0,"30":0,"31":0,"32":0,"33":0,"34":0,"35":0,"36":0,"37":0,"38":0,"39":0,"40":0,"41":0,"42":0,"43":0,"44":0,"45":0,"46":0,"47":0,"48":0,"49":0,"50":0,"51":0,"52":0,"53":0,"54":0,"55":0,"56":0,"57":0,"58":0,"59":0,"60":0,"61":0,"62":0,"63":0,"64":0,"65":0,"66":0,"67":0,"68":0,"69":0,"70":0,"71":0,"72":0,"73":0,"74":0,"75":0,"76":0,"77":0,"78":0,"79":0,"80":0,"81":0,"82":0,"83":0,"84":0,"85":0,"86":0,"87":0,"88":0,"89":0,"90":0,"91":0,"92":0,"93":0,"94":0,"95":0,"96":0,"97":0,"98":0,"99":1},"f":{"0":0,"1":0,"2":0,"3":0,"4":0,"5":0,"6":0},"b":{"0":[0],"1":[0],"2":[0,0],"3":[0,0],"4":[0,0],"5":[0,0],"6":[0,0],"7":[0,0],"8":[0,0],"9":[0],"10":[0,0],"11":[0,0],"12":[0,0],"13":[0,0]},"_coverageSchema":"1a1c01bbd47fc00a2c39e90264f33305004495a9","hash":"280434ab50accb44d49c772c967e5c996052bb66"}
,"D:\\Documents\\project-encourage\\project-encourage\\objects\\logger.js": {"path":"D:\\Documents\\project-encourage\\project-encourage\\objects\\logger.js","statementMap":{"0":{"start":{"line":1,"column":93},"end":{"line":1,"column":114}},"1":{"start":{"line":3,"column":14},"end":{"line":3,"column":41}},"2":{"start":{"line":4,"column":15},"end":{"line":4,"column":43}},"3":{"start":{"line":5,"column":13},"end":{"line":5,"column":30}},"4":{"start":{"line":7,"column":0},"end":{"line":228,"column":1}},"5":{"start":{"line":15,"column":8},"end":{"line":22,"column":9}},"6":{"start":{"line":16,"column":26},"end":{"line":16,"column":45}},"7":{"start":{"line":17,"column":34},"end":{"line":17,"column":90}},"8":{"start":{"line":18,"column":12},"end":{"line":18,"column":33}},"9":{"start":{"line":19,"column":12},"end":{"line":19,"column":32}},"10":{"start":{"line":21,"column":12},"end":{"line":21,"column":31}},"11":{"start":{"line":26,"column":8},"end":{"line":38,"column":9}},"12":{"start":{"line":27,"column":26},"end":{"line":27,"column":45}},"13":{"start":{"line":28,"column":28},"end":{"line":28,"column":67}},"14":{"start":{"line":30,"column":12},"end":{"line":35,"column":13}},"15":{"start":{"line":31,"column":16},"end":{"line":31,"column":59}},"16":{"start":{"line":32,"column":16},"end":{"line":32,"column":65}},"17":{"start":{"line":34,"column":16},"end":{"line":34,"column":71}},"18":{"start":{"line":37,"column":12},"end":{"line":37,"column":82}},"19":{"start":{"line":43,"column":22},"end":{"line":43,"column":47}},"20":{"start":{"line":44,"column":20},"end":{"line":46,"column":36}},"21":{"start":{"line":47,"column":8},"end":{"line":47,"column":42}},"22":{"start":{"line":48,"column":8},"end":{"line":48,"column":31}},"23":{"start":{"line":49,"column":8},"end":{"line":49,"column":26}},"24":{"start":{"line":56,"column":25},"end":{"line":56,"column":33}},"25":{"start":{"line":57,"column":8},"end":{"line":57,"column":75}},"26":{"start":{"line":57,"column":45},"end":{"line":57,"column":75}},"27":{"start":{"line":59,"column":22},"end":{"line":59,"column":46}},"28":{"start":{"line":61,"column":20},"end":{"line":70,"column":51}},"29":{"start":{"line":71,"column":24},"end":{"line":71,"column":47}},"30":{"start":{"line":72,"column":24},"end":{"line":72,"column":106}},"31":{"start":{"line":73,"column":8},"end":{"line":73,"column":42}},"32":{"start":{"line":74,"column":8},"end":{"line":74,"column":36}},"33":{"start":{"line":75,"column":8},"end":{"line":75,"column":26}},"34":{"start":{"line":82,"column":25},"end":{"line":82,"column":33}},"35":{"start":{"line":83,"column":8},"end":{"line":83,"column":75}},"36":{"start":{"line":83,"column":45},"end":{"line":83,"column":75}},"37":{"start":{"line":85,"column":22},"end":{"line":85,"column":46}},"38":{"start":{"line":87,"column":20},"end":{"line":95,"column":51}},"39":{"start":{"line":96,"column":24},"end":{"line":96,"column":71}},"40":{"start":{"line":98,"column":8},"end":{"line":101,"column":9}},"41":{"start":{"line":99,"column":12},"end":{"line":99,"column":112}},"42":{"start":{"line":100,"column":12},"end":{"line":100,"column":48}},"43":{"start":{"line":103,"column":8},"end":{"line":103,"column":20}},"44":{"start":{"line":111,"column":25},"end":{"line":111,"column":33}},"45":{"start":{"line":112,"column":8},"end":{"line":112,"column":78}},"46":{"start":{"line":112,"column":47},"end":{"line":112,"column":78}},"47":{"start":{"line":114,"column":22},"end":{"line":114,"column":47}},"48":{"start":{"line":115,"column":20},"end":{"line":123,"column":52}},"49":{"start":{"line":124,"column":24},"end":{"line":124,"column":48}},"50":{"start":{"line":125,"column":24},"end":{"line":125,"column":106}},"51":{"start":{"line":126,"column":8},"end":{"line":126,"column":41}},"52":{"start":{"line":127,"column":8},"end":{"line":127,"column":37}},"53":{"start":{"line":128,"column":8},"end":{"line":128,"column":21}},"54":{"start":{"line":136,"column":25},"end":{"line":136,"column":33}},"55":{"start":{"line":137,"column":8},"end":{"line":137,"column":78}},"56":{"start":{"line":137,"column":47},"end":{"line":137,"column":78}},"57":{"start":{"line":139,"column":22},"end":{"line":139,"column":47}},"58":{"start":{"line":141,"column":20},"end":{"line":149,"column":52}},"59":{"start":{"line":150,"column":24},"end":{"line":150,"column":73}},"60":{"start":{"line":153,"column":8},"end":{"line":156,"column":9}},"61":{"start":{"line":154,"column":12},"end":{"line":154,"column":113}},"62":{"start":{"line":155,"column":12},"end":{"line":155,"column":47}},"63":{"start":{"line":158,"column":8},"end":{"line":158,"column":20}},"64":{"start":{"line":169,"column":22},"end":{"line":169,"column":53}},"65":{"start":{"line":171,"column":20},"end":{"line":180,"column":13}},"66":{"start":{"line":181,"column":24},"end":{"line":181,"column":81}},"67":{"start":{"line":182,"column":8},"end":{"line":182,"column":41}},"68":{"start":{"line":183,"column":8},"end":{"line":183,"column":26}},"69":{"start":{"line":191,"column":8},"end":{"line":191,"column":33}},"70":{"start":{"line":192,"column":22},"end":{"line":192,"column":48}},"71":{"start":{"line":193,"column":20},"end":{"line":193,"column":39}},"72":{"start":{"line":194,"column":24},"end":{"line":194,"column":49}},"73":{"start":{"line":195,"column":24},"end":{"line":195,"column":106}},"74":{"start":{"line":196,"column":8},"end":{"line":196,"column":51}},"75":{"start":{"line":197,"column":8},"end":{"line":197,"column":39}},"76":{"start":{"line":198,"column":8},"end":{"line":198,"column":28}},"77":{"start":{"line":206,"column":8},"end":{"line":217,"column":9}},"78":{"start":{"line":207,"column":12},"end":{"line":207,"column":87}},"79":{"start":{"line":207,"column":33},"end":{"line":207,"column":87}},"80":{"start":{"line":208,"column":26},"end":{"line":208,"column":52}},"81":{"start":{"line":210,"column":26},"end":{"line":210,"column":73}},"82":{"start":{"line":211,"column":24},"end":{"line":211,"column":43}},"83":{"start":{"line":212,"column":28},"end":{"line":212,"column":79}},"84":{"start":{"line":213,"column":12},"end":{"line":213,"column":71}},"85":{"start":{"line":214,"column":12},"end":{"line":214,"column":24}},"86":{"start":{"line":216,"column":12},"end":{"line":216,"column":25}},"87":{"start":{"line":221,"column":22},"end":{"line":221,"column":48}},"88":{"start":{"line":224,"column":22},"end":{"line":224,"column":61}},"89":{"start":{"line":225,"column":26},"end":{"line":225,"column":48}},"90":{"start":{"line":226,"column":8},"end":{"line":226,"column":60}},"91":{"start":{"line":236,"column":24},"end":{"line":242,"column":5}},"92":{"start":{"line":243,"column":4},"end":{"line":251,"column":10}},"93":{"start":{"line":261,"column":17},"end":{"line":261,"column":30}},"94":{"start":{"line":262,"column":4},"end":{"line":262,"column":48}},"95":{"start":{"line":271,"column":4},"end":{"line":322,"column":5}},"96":{"start":{"line":272,"column":8},"end":{"line":302,"column":9}},"97":{"start":{"line":273,"column":12},"end":{"line":288,"column":18}},"98":{"start":{"line":290,"column":12},"end":{"line":301,"column":18}},"99":{"start":{"line":304,"column":8},"end":{"line":321,"column":14}}},"fnMap":{"0":{"name":"(anonymous_0)","decl":{"start":{"line":14,"column":4},"end":{"line":14,"col
[...]
olumn":33}},"204":{"start":{"line":404,"column":20},"end":{"line":404,"column":198}},"205":{"start":{"line":405,"column":8},"end":{"line":405,"column":30}},"206":{"start":{"line":412,"column":19},"end":{"line":412,"column":33}},"207":{"start":{"line":414,"column":21},"end":{"line":414,"column":198}},"208":{"start":{"line":415,"column":8},"end":{"line":415,"column":31}},"209":{"start":{"line":422,"column":19},"end":{"line":422,"column":33}},"210":{"start":{"line":424,"column":21},"end":{"line":424,"column":200}},"211":{"start":{"line":425,"column":8},"end":{"line":425,"column":31}},"212":{"start":{"line":430,"column":8},"end":{"line":430,"column":34}},"213":{"start":{"line":434,"column":8},"end":{"line":434,"column":25}},"214":{"start":{"line":435,"column":8},"end":{"line":435,"column":26}},"215":{"start":{"line":439,"column":8},"end":{"line":439,"column":41}},"216":{"start":{"line":439,"column":34},"end":{"line":439,"column":41}},"217":{"start":{"line":441,"column":8},"end":{"line":441,"column":32}},"218":{"start":{"line":443,"column":8},"end":{"line":443,"column":53}},"219":{"start":{"line":443,"column":33},"end":{"line":443,"column":53}},"220":{"start":{"line":445,"column":8},"end":{"line":445,"column":26}},"221":{"start":{"line":453,"column":19},"end":{"line":453,"column":33}},"222":{"start":{"line":456,"column":24},"end":{"line":460,"column":6}},"223":{"start":{"line":463,"column":26},"end":{"line":463,"column":59}},"224":{"start":{"line":463,"column":45},"end":{"line":463,"column":58}},"225":{"start":{"line":465,"column":8},"end":{"line":465,"column":25}},"226":{"start":{"line":473,"column":20},"end":{"line":473,"column":30}},"227":{"start":{"line":474,"column":27},"end":{"line":474,"column":96}},"228":{"start":{"line":476,"column":8},"end":{"line":480,"column":15}},"229":{"start":{"line":487,"column":8},"end":{"line":487,"column":44}},"230":{"start":{"line":487,"column":27},"end":{"line":487,"column":44}},"231":{"start":{"line":488,"column":8},"end":{"line":488,"column":34}},"232":{"start":{"line":492,"column":0},"end":{"line":492,"column":21}}},"fnMap":{"0":{"name":"(anonymous_0)","decl":{"start":{"line":39,"column":4},"end":{"line":39,"column":5}},"loc":{"start":{"line":39,"column":30},"end":{"line":51,"column":5}},"line":39},"1":{"name":"(anonymous_1)","decl":{"start":{"line":56,"column":4},"end":{"line":56,"column":5}},"loc":{"start":{"line":56,"column":16},"end":{"line":63,"column":5}},"line":56},"2":{"name":"(anonymous_2)","decl":{"start":{"line":60,"column":36},"end":{"line":60,"column":37}},"loc":{"start":{"line":60,"column":42},"end":{"line":60,"column":46}},"line":60},"3":{"name":"(anonymous_3)","decl":{"start":{"line":68,"column":4},"end":{"line":68,"column":5}},"loc":{"start":{"line":68,"column":17},"end":{"line":86,"column":5}},"line":68},"4":{"name":"(anonymous_4)","decl":{"start":{"line":94,"column":4},"end":{"line":94,"column":5}},"loc":{"start":{"line":94,"column":17},"end":{"line":112,"column":5}},"line":94},"5":{"name":"(anonymous_5)","decl":{"start":{"line":114,"column":4},"end":{"line":114,"column":5}},"loc":{"start":{"line":114,"column":53},"end":{"line":137,"column":5}},"line":114},"6":{"name":"(anonymous_6)","decl":{"start":{"line":139,"column":4},"end":{"line":139,"column":5}},"loc":{"start":{"line":139,"column":34},"end":{"line":148,"column":5}},"line":139},"7":{"name":"(anonymous_7)","decl":{"start":{"line":150,"column":4},"end":{"line":150,"column":5}},"loc":{"start":{"line":150,"column":27},"end":{"line":155,"column":5}},"line":150},"8":{"name":"(anonymous_8)","decl":{"start":{"line":162,"column":4},"end":{"line":162,"column":5}},"loc":{"start":{"line":162,"column":37},"end":{"line":179,"column":5}},"line":162},"9":{"name":"(anonymous_9)","decl":{"start":{"line":186,"column":4},"end":{"line":186,"column":5}},"loc":{"start":{"line":186,"column":28},"end":{"line":199,"column":5}},"line":186},"10":{"name":"(anonymous_10)","decl":{"start":{"line":205,"column":4},"end":{"line":205,"column":5}},"loc":{"start":{"line":205,"column":15},"end":{"line":207,"column":5}},"line":205},"11":{"name":"(anonymous_11)","decl":{"start":{"line":213,"column":4},"end":{"line":213,"column":5}},"loc":{"start":{"line":213,"column":21},"end":{"line":215,"column":5}},"line":213},"12":{"name":"(anonymous_12)","decl":{"start":{"line":223,"column":4},"end":{"line":223,"column":5}},"loc":{"start":{"line":223,"column":23},"end":{"line":226,"column":5}},"line":223},"13":{"name":"(anonymous_13)","decl":{"start":{"line":228,"column":4},"end":{"line":228,"column":5}},"loc":{"start":{"line":228,"column":31},"end":{"line":231,"column":5}},"line":228},"14":{"name":"(anonymous_14)","decl":{"start":{"line":233,"column":4},"end":{"line":233,"column":5}},"loc":{"start":{"line":233,"column":23},"end":{"line":244,"column":5}},"line":233},"15":{"name":"(anonymous_15)","decl":{"start":{"line":246,"column":4},"end":{"line":246,"column":5}},"loc":{"start":{"line":246,"column":23},"end":{"line":260,"column":5}},"line":246},"16":{"name":"(anonymous_16)","decl":{"start":{"line":263,"column":4},"end":{"line":263,"column":5}},"loc":{"start":{"line":263,"column":34},"end":{"line":268,"column":5}},"line":263},"17":{"name":"(anonymous_17)","decl":{"start":{"line":270,"column":4},"end":{"line":270,"column":5}},"loc":{"start":{"line":270,"column":34},"end":{"line":275,"column":5}},"line":270},"18":{"name":"(anonymous_18)","decl":{"start":{"line":277,"column":4},"end":{"line":277,"column":5}},"loc":{"start":{"line":277,"column":21},"end":{"line":287,"column":5}},"line":277},"19":{"name":"(anonymous_19)","decl":{"start":{"line":290,"column":4},"end":{"line":290,"column":5}},"loc":{"start":{"line":290,"column":20},"end":{"line":315,"column":5}},"line":290},"20":{"name":"(anonymous_20)","decl":{"start":{"line":318,"column":4},"end":{"line":318,"column":5}},"loc":{"start":{"line":318,"column":25},"end":{"line":333,"column":5}},"line":318},"21":{"name":"(anonymous_21)","decl":{"start":{"line":336,"column":4},"end":{"line":336,"column":5}},"loc":{"start":{"line":336,"column":26},"end":{"line":361,"column":5}},"line":336},"22":{"name":"(anonymous_22)","decl":{"start":{"line":364,"column":4},"end":{"line":364,"column":5}},"loc":{"start":{"line":364,"column":31},"end":{"line":384,"column":5}},"line":364},"23":{"name":"(anonymous_23)","decl":{"start":{"line":391,"column":4},"end":{"line":391,"column":5}},"loc":{"start":{"line":391,"column":30},"end":{"line":396,"column":5}},"line":391},"24":{"name":"(anonymous_24)","decl":{"start":{"line":401,"column":4},"end":{"line":401,"column":5}},"loc":{"start":{"line":401,"column":40},"end":{"line":406,"column":5}},"line":401},"25":{"name":"(anonymous_25)","decl":{"start":{"line":411,"column":4},"end":{"line":411,"column":5}},"loc":{"start":{"line":411,"column":39},"end":{"line":416,"column":5}},"line":411},"26":{"name":"(anonymous_26)","decl":{"start":{"line":421,"column":4},"end":{"line":421,"column":5}},"loc":{"start":{"line":421,"column":41},"end":{"line":426,"column":5}},"line":421},"27":{"name":"(anonymous_27)","decl":{"start":{"line":429,"column":4},"end":{"line":429,"column":5}},"loc":{"start":{"line":429,"column":19},"end":{"line":431,"column":5}},"line":429},"28":{"name":"(anonymous_28)","decl":{"start":{"line":433,"column":4},"end":{"line":433,"column":5}},"loc":{"start":{"line":433,"column":21},"end":{"line":436,"column":5}},"line":433},"29":{"name":"(anonymous_29)","decl":{"start":{"line":438,"column":4},"end":{"line":438,"column":5}},"loc":{"start":{"line":438,"column":29},"end":{"line":446,"column":5}},"line":438},"30":{"name":"(anonymous_30)","decl":{"start":{"line":452,"column":4},"end":{"line":452,"column":5}},"loc":{"start":{"line":452,"column":26},"end":{"line":466,"column":5}},"line":452},"31":{"name":"(anonymous_31)","decl":{"start":{"line":463,"column":38},"end":{"line":463,"column":39}},"loc":{"start":{"line":463,"column":45},"end":{"line":463,"column":58}},"line":463},"32":{"name":"(anonymous_32)","decl":{"start":{"line":471,"column":4},"end":{"line":471,"column":5}},"loc":{"start":{"line":471,"column":28},"end":{"line":481,"column":5}},"line":471},"33":{"name":"(anonymous_33)","decl":{"start":{"line":486,"column":4},"end":{"line":486,"column":5}},"loc":{"start":{"line":486,"column":22},"end":{"line":489,"column":5}},"line":486}},"branchMap":{"0":{"loc":{"start":{"line":58,"column":8},"end":{"line":61,"column":9}},"type":"if","locations":[{"start":{"line":58,"column":8},"end":{"line":61,"column":9}},{"start":{},"end":{}}],"line":58},"1":{"loc":{"start":{"line":59,"column":12},"end":{"line":59,"column":45}},"type":"if","locations":[{"start":{"line":59,"column":12},"end":{"line":59,"column":45}},{"start":{},"end":{}}],"line":59},"2":{"loc":{"start":{"line":76,"column":12},"end":{"line":76,"column":81}},"type":"if","locations":[{"start":{"line":76,"column":12},"end":{"line":76,"column":81}},{"start":{},"end":{}}],"line":76},"3":{"loc":{"start":{"line":76,"column":16},"end":{"line":76,"column":70}},"type":"binary-expr","locations":[{"start":{"line":76,"column":16},"end":{"line":76,"column":47}},{"start":{"line":76,"column":51},"end":{"line":76,"column":70}}],"line":76},"4":{"loc":{"start":{"line":80,"column":8},"end":{"line":80,"column":62}},"type":"if","locations":[{"start":{"line":80,"column":8},"end":{"line":80,"column":62}},{"start":{},"end":{}}],"line":80},"5":{"loc":{"start":{"line":85,"column":8},"end":{"line":85,"column":64}},"type":"if","locations":[{"start":{"line":85,"column":8},"end":{"line":85,"column":64}},{"start":{},"end":{}}],"line":85},"6":{"loc":{"start":{"line":99,"column":8},"end":{"line":99,"column":32}},"type":"if","locations":[{"start":{"line":99,"column":8},"end":{"line":99,"column":32}},{"start":{},"end":{}}],"line":99},"7":{"loc":{"start":{"line":114,"column":35},"end":{"line":114,"column":51}},"type":"default-arg","locations":[{"start":{"line":114,"column":46},"end":{"line":114,"column":51}}],"line":114},"8":{"loc":{"start":{"line":120,"column":8},"end":{"line":127,"column":9}},"type":"if","locations":[{"start":{"line":120,"column":8},"end":{"line":127,"column":9}},{"start":{},"end":{}}],"line":120},"9":{"loc":{"start":{"line":121,"column":12},"end":{"line":125,"column":13}},"type":"if","locations":[{"start":{"line":121,"column":12},"end":{"line":125,"column":13}},{"start":{},"end":{}}],"line":121},"10":{"loc":{"start":{"line":152,"column":8},"end":{"line":152,"column":44}},"type":"if","locations":[{"start":{"line":152,"column":8},"end":{"line":152,"column":44}},{"start":{},"end":{}}],"line":152},"11":{"loc":{"start":{"line":165,"column":8},"end":{"line":165,"column":35}},"type":"if","locations":[{"start":{"line":165,"column":8},"end":{"line":165,"column":35}},{"start":{},"end":{}}],"line":165},"12":{"loc":{"start":{"line":171,"column":8},"end":{"line":173,"column":9}},"type":"if","locations":[{"start":{"line":171,"column":8},"end":{"line":173,"column":9}},{"start":{},"end":{}}],"line":171},"13":{"loc":{"start":{"line":247,"column":8},"end":{"line":247,"column":46}},"type":"if","locations":[{"start":{"line":247,"column":8},"end":{"line":247,"column":46}},{"start":{},"end":{}}],"line":247},"14":{"loc":{"start":{"line":291,"column":8},"end":{"line":291,"column":44}},"type":"if","locations":[{"start":{"line":291,"column":8},"end":{"line":291,"column":44}},{"start":{},"end":{}}],"line":291},"15":{"loc":{"start":{"line":308,"column":8},"end":{"line":311,"column":9}},"type":"if","locations":[{"start":{"line":308,"column":8},"end":{"line":311,"column":9}},{"start":{},"end":{}}],"line":308},"16":{"loc":{"start":{"line":309,"column":12},"end":{"line":309,"column":110}},"type":"if","locations":[{"start":{"line":309,"column":12},"end":{"line":309,"column":110}},{"start":{},"end":{}}],"line":309},"17":{"loc":{"start":{"line":319,"column":8},"end":{"line":319,"column":69}},"type":"if","locations":[{"start":{"line":319,"column":8},"end":{"line":319,"column":69}},{"start":{},"end":{}}],"line":319},"18":{"loc":{"start":{"line":319,"column":12},"end":{"line":319,"column":60}},"type":"binary-expr","locations":[{"start":{"line":319,"column":12},"end":{"line":319,"column":33}},{"start":{"line":319,"column":37},"end":{"line":319,"column":60}}],"line":319},"19":{"loc":{"start":{"line":323,"column":12},"end":{"line":326,"column":13}},"type":"if","locations":[{"start":{"line":323,"column":12},"end":{"line":326,"column":13}},{"start":{},"end":{}}],"line":323},"20":{"loc":{"start":{"line":338,"column":8},"end":{"line":338,"column":44}},"type":"if","locations":[{"start":{"line":338,"column":8},"end":{"line":338,"column":44}},{"start":{},"end":{}}],"line":338},"21":{"loc":{"start":{"line":339,"column":8},"end":{"line":339,"column":64}},"type":"if","locations":[{"start":{"line":339,"column":8},"end":{"line":339,"column":64}},{"start":{},"end":{}}],"line":339},"22":{"loc":{"start":{"line":339,"column":12},"end":{"line":339,"column":55}},"type":"binary-expr","locations":[{"start":{"line":339,"column":12},"end":{"line":339,"column":25}},{"start":{"line":339,"column":29},"end":{"line":339,"column":55}}],"line":339},"23":{"loc":{"start":{"line":357,"column":8},"end":{"line":360,"column":9}},"type":"if","locations":[{"start":{"line":357,"column":8},"end":{"line":360,"column":9}},{"start":{},"end":{}}],"line":357},"24":{"loc":{"start":{"line":358,"column":12},"end":{"line":358,"column":110}},"type":"if","locations":[{"start":{"line":358,"column":12},"end":{"line":358,"column":110}},{"start":{},"end":{}}],"line":358},"25":{"loc":{"start":{"line":365,"column":8},"end":{"line":365,"column":64}},"type":"if","locations":[{"start":{"line":365,"column":8},"end":{"line":365,"column":64}},{"start":{},"end":{}}],"line":365},"26":{"loc":{"start":{"line":365,"column":12},"end":{"line":365,"column":55}},"type":"binary-expr","locations":[{"start":{"line":365,"column":12},"end":{"line":365,"column":25}},{"start":{"line":365,"column":29},"end":{"line":365,"column":55}}],"line":365},"27":{"loc":{"start":{"line":366,"column":8},"end":{"line":366,"column":44}},"type":"if","locations":[{"start":{"line":366,"column":8},"end":{"line":366,"column":44}},{"start":{},"end":{}}],"line":366},"28":{"loc":{"start":{"line":367,"column":8},"end":{"line":367,"column":71}},"type":"if","locations":[{"start":{"line":367,"column":8},"end":{"line":367,"column":71}},{"start":{},"end":{}}],"line":367},"29":{"loc":{"start":{"line":367,"column":12},"end":{"line":367,"column":62}},"type":"binary-expr","locations":[{"start":{"line":367,"column":12},"end":{"line":367,"column":34}},{"start":{"line":367,"column":38},"end":{"line":367,"column":62}}],"line":367},"30":{"loc":{"start":{"line":371,"column":12},"end":{"line":374,"column":13}},"type":"if","locations":[{"start":{"line":371,"column":12},"end":{"line":374,"column":13}},{"start":{},"end":{}}],"line":371},"31":{"loc":{"start":{"line":382,"column":8},"end":{"line":382,"column":79}},"type":"if","locations":[{"start":{"line":382,"column":8},"end":{"line":382,"column":79}},{"start":{},"end":{}}],"line":382},"32":{"loc":{"start":{"line":394,"column":148},"end":{"line":394,"column":193}},"type":"cond-expr","locations":[{"start":{"line":394,"column":159},"end":{"line":394,"column":188}},{"start":{"line":394,"column":191},"end":{"line":394,"column":193}}],"line":394},"33":{"loc":{"start":{"line":401,"column":22},"end":{"line":401,"column":38}},"type":"default-arg","locations":[{"start":{"line":401,"column":33},"end":{"line":401,"column":38}}],"line":401},"34":{"loc":{"start":{"line":404,"column":150},"end":{"line":404,"column":195}},"type":"cond-expr","locations":[{"start":{"line":404,"column":161},"end":{"line":404,"column":190}},{"start":{"line":404,"column":193},"end":{"line":404,"column":195}}],"line":404},"35":{"loc":{"start":{"line":411,"column":21},"end":{"line":411,"column":37}},"type":"default-arg","locations":[{"start":{"line":411,"column":32},"end":{"line":411,"column":37}}],"line":411},"36":{"loc":{"start":{"line":414,"column":150},"end":{"line":414,"column":195}},"type":"cond-expr","locations":[{"start":{"line":414,"column":161},"end":{"line":414,"column":190}},{"start":{"line":414,"column":193},"end":{"line":414,"column":195}}],"line":414},"37":{"loc":{"start":{"line":421,"column":23},"end":{"line":421,"column":39}},"type":"default-arg","locations":[{"start":{"line":421,"column":34},"end":{"line":421,"column":39}}],"line":421},"38":{"loc":{"start":{"line":424,"column":152},"end":{"line":424,"column":197}},"type":"cond-expr","locations":[{"start":{"line":424,"column":163},"end":{"line":424,"column":192}},{"start":{"line":424,"column":195},"end":{"line":424,"column":197}}],"line":424},"39":{"loc":{"start":{"line":438,"column":18},"end":{"line":438,"column":27}},"type":"default-arg","locations":[{"start":{"line":438,"column":26},"end":{"line":438,"column":27}}],"line":438},"40":{"loc":{"start":{"line":439,"column":8},"end":{"line":439,"column":41}},"type":"if","locations":[{"start":{"line":439,"column":8},"end":{"line":439,"column":41}},{"start":{},"end":{}}],"line":439},"41":{"loc":{"start":{"line":443,"column":8},"end":{"line":443,"column":53}},"type":"if","locations":[{"start":{"line":443,"column":8},"end":{"line":443,"column":53}},{"start":{},"end":{}}],"line":443},"42":{"loc":{"start":{"line":487,"column":8},"end":{"line":487,"column":44}},"type":"if","locations":[{"start":{"line":487,"column":8},"end":{"line":487,"column":44}},{"start":{},"end":{}}],"line":487}},"s":{"0":3,"1":3,"2":3,"3":0,"4":0,"5":0,"6":0,"7":0,"8":0,"9":0,"10":0,"11":0,"12":0,"13":0,"14":0,"15":0,"16":0,"17":0,"18":0,"19":0,"20":0,"21":0,"22":0,"23":0,"24":0,"25":0,"26":0,"27":0,"28":0,"29":0,"30":0,"31":0,"32":0,"33":0,"34":0,"35":0,"36":0,"37":0,"38":0,"39":0,"40":0,"41":0,"42":0,"43":0,"44":0,"45":0,"46":0,"47":0,"48":0,"49":0,"50":0,"51":0,"52":0,"53":0,"54":0,"55":0,"56":0,"57":0,"58":0,"59":0,"60":0,"61":0,"62":0,"63":0,"64":0,"65":0,"66":0,"67":0,"68":0,"69":0,"70":0,"71":0,"72":0,"73":0,"74":0,"75":0,"76":0,"77":0,"78":0,"79":0,"80":0,"81":0,"82":0,"83":0,"84":0,"85":0,"86":0,"87":0,"88":0,"89":0,"90":0,"91":0,"92":0,"93":0,"94":0,"95":0,"96":0,"97":0,"98":0,"99":0,"100":0,"101":0,"102":0,"103":0,"104":0,"105":0,"106":0,"107":0,"108":0,"109":0,"110":0,"111":0,"112":0,"113":0,"114":0,"115":0,"116":0,"117":0,"118":0,"119":0,"120":0,"121":0,"122":0,"123":0,"124":0,"125":0,"126":0,"127":0,"128":0,"129":0,"130":0,"131":0,"132":0,"133":0,"134":0,"135":0,"136":0,"137":0,"138":0,"139":0,"140":0,"141":0,"142":0,"143":0,"144":0,"145":0,"146":0,"147":0,"148":0,"149":0,"150":0,"151":0,"152":0,"153":0,"154":0,"155":0,"156":0,"157":0,"158":0,"159":0,"160":0,"161":0,"162":0,"163":0,"164":0,"165":0,"166":0,"167":0,"168":0,"169":0,"170":0,"171":0,"172":0,"173":0,"174":0,"175":0,"176":0,"177":0,"178":0,"179":0,"180":0,"181":0,"182":0,"183":0,"184":0,"185":0,"186":0,"187":0,"188":0,"189":0,"190":0,"191":0,"192":0,"193":0,"194":0,"195":0,"196":0,"197":0,"198":0,"199":0,"200":0,"201":0,"202":0,"203":0,"204":0,"205":0,"206":0,"207":0,"208":0,"209":0,"210":0,"211":0,"212":0,"213":0,"214":0,"215":0,"216":0,"217":0,"218":0,"219":0,"220":0,"221":0,"222":0,"223":0,"224":0,"225":0,"226":0,"227":0,"228":0,"229":0,"230":0,"231":0,"232":3},"f":{"0":0,"1":0,"2":0,"3":0,"4":0,"5":0,"6":0,"7":0,"8":0,"9":0,"10":0,"11":0,"12":0,"13":0,"14":0,"15":0,"16":0,"17":0,"18":0,"19":0,"20":0,"21":0,"22":0,"23":0,"24":0,"25":0,"26":0,"27":0,"28":0,"29":0,"30":0,"31":0,"32":0,"33":0},"b":{"0":[0,0],"1":[0,0],"2":[0,0],"3":[0,0],"4":[0,0],"5":[0,0],"6":[0,0],"7":[0],"8":[0,0],"9":[0,0],"10":[0,0],"11":[0,0],"12":[0,0],"13":[0,0],"14":[0,0],"15":[0,0],"16":[0,0],"17":[0,0],"18":[0,0],"19":[0,0],"20":[0,0],"21":[0,0],"22":[0,0],"23":[0,0],"24":[0,0],"25":[0,0],"26":[0,0],"27":[0,0],"28":[0,0],"29":[0,0],"30":[0,0],"31":[0,0],"32":[0,0],"33":[0],"34":[0,0],"35":[0],"36":[0,0],"37":[0],"38":[0,0],"39":[0],"40":[0,0],"41":[0,0],"42":[0,0]},"_coverageSchema":"1a1c01bbd47fc00a2c39e90264f33305004495a9","hash":"515f3578e0557b1e30955c7aa1eb43e0a1c9ab9f"}
}
